<?xml version="1.0" encoding="UTF-8"?>
<testsuite xmlns:xsi="http://www.w3.org/2001/XMLSchema-instance" xsi:noNamespaceSchemaLocation="https://maven.apache.org/surefire/maven-surefire-plugin/xsd/surefire-test-report-3.0.xsd" version="3.0" name="TestSuite" time="11.063" tests="20" errors="0" skipped="0" failures="6">
  <properties>
[...]
</properties>
  <testcase name="checkSchemaAndResponseCode" classname="ISSCurrentLocationTest" time="3.812"/>
  <testcase name="checkIfLatitudeWithinRange" classname="ISSCurrentLocationTest" time="0.419"/>
  <testcase name="checkIfLongitudeWithinRange" classname="ISSCurrentLocationTest" time="0.014"/>
  <testcase name="checkIfTimestampWithinRange" classname="ISSCurrentLocationTest" time="0.01"/>
  <testcase name="checkSchemaAndResponseCode" classname="PeopleInSpaceTest" time="0.551"/>
  <testcase name="checkIfNumberMatchesLengthOfPeopleArray" classname="PeopleInSpaceTest" time="0.055"/>
  <testcase name="checkSchemaAndResponseCode" classname="ISSPassTimesTests" time="0.476"/>
  <testcase name="checkIfNumberMatchesLengthOfPeopleArray" classname="ISSPassTimesTests" time="0.036"/>
  <testcase name="checkIfLatTheSameAsInRequest" classname="ISSPassTimesTests" time="0.014"/>
  <testcase name="checkIfLonTheSameAsInRequest" classname="ISSPassTimesTests" time="0.014"/>
  <testcase name="checkIfPassTimesAreInFuture" classname="ISSPassTimesTests" time="0.027"/>
  <testcase name="checkResponseCodesForBoundaryValues" classname="ISSPassTimesTests" time="0.635">
    <failure message="1 expectation failed.&#10;Expected status code is &lt;200&gt; but was &lt;400&gt;.&#10;" type="java.lang.AssertionError"><![CDATA[java.lang.AssertionError: 
1 expectation failed.
Expected status code is <200> but was <400>.

	at ISSPassTimesTests.checkResponseCodesForBoundaryValues(ISSPassTimesTests.java:40)
]]></failure>
  </testcase>
  <testcase name="checkResponseCodesForBoundaryValues" classname="ISSPassTimesTests" time="1.141">
    <failure message="1 expectation failed.&#10;Expected status code is &lt;200&gt; but was &lt;400&gt;.&#10;" type="java.lang.AssertionError"><![CDATA[java.lang.AssertionError: 
1 expectation failed.
Expected status code is <200> but was <400>.

	at ISSPassTimesTests.checkResponseCodesForBoundaryValues(ISSPassTimesTests.java:40)
]]></failure>
  </testcase>
  <testcase name="checkResponseCodesForBoundaryValues" classname="ISSPassTimesTests" time="0.604">
    <failure message="1 expectation failed.&#10;Expected status code is &lt;200&gt; but was &lt;400&gt;.&#10;" type="java.lang.AssertionError"><![CDATA[java.lang.AssertionError: 
1 expectation failed.
Expected status code is <200> but was <400>.

	at ISSPassTimesTests.checkResponseCodesForBoundaryValues(ISSPassTimesTests.java:40)
]]></failure>
  </testcase>
  <testcase name="checkResponseCodesForBoundaryValues" classname="ISSPassTimesTests" time="0.593">
    <failure message="1 expectation failed.&#10;Expected status code is &lt;200&gt; but was &lt;400&gt;.&#10;" type="java.lang.AssertionError"><![CDATA[java.lang.AssertionError: 
1 expectation failed.
Expected status code is <200> but was <400>.

	at ISSPassTimesTests.checkResponseCodesForBoundaryValues(ISSPassTimesTests.java:40)
]]></failure>
  </testcase>
  <testcase name="checkResponseCodesForBoundaryValues" classname="ISSPassTimesTests" time="0.594">
    <failure message="&#10;[public void ISSPassTimesTests.checkResponseCodesForBoundaryValues(float,float)] has no parameters defined but was found to be using a data provider (either explicitly specified or inherited from class level annotation).&#10;Data provider mismatch&#10;Method: checkResponseCodesForBoundaryValues([Parameter{index=0, type=float, declaredAnnotations=[]}, Parameter{index=1, type=float, declaredAnnotations=[]}])&#10;Arguments: [(java.lang.Double) 0.0,(java.lang.Float) -180.0]" type="org.testng.internal.reflect.MethodMatcherException">org.testng.internal.reflect.MethodMatcherException: 

[public void ISSPassTimesTests.checkResponseCodesForBoundaryValues(float,float)] has no parameters defined but was found to be using a data provider (either explicitly specified or inherited from class level annotation).
Data provider mismatch
Method: checkResponseCodesForBoundaryValues([Parameter{index=0, type=float, declaredAnnotations=[]}, Parameter{index=1, type=float, declaredAnnotations=[]}])
Arguments: [(java.lang.Double) 0.0,(java.lang.Float) -180.0]
</failure>
  </testcase>
  <testcase name="checkResponseCodesForInvalidValues" classname="ISSPassTimesTests" time="0.598"/>
  <testcase name="checkResponseCodesForInvalidValues" classname="ISSPassTimesTests" time="0.594"/>
  <testcase name="checkResponseCodesForInvalidValues" classname="ISSPassTimesTests" time="0.595"/>
  <testcase name="checkResponseCodesForInvalidValues" classname="ISSPassTimesTests" time="0.595">
    <failure message="&#10;[public void ISSPassTimesTests.checkResponseCodesForInvalidValues(float,float)] has no parameters defined but was found to be using a data provider (either explicitly specified or inherited from class level annotation).&#10;Data provider mismatch&#10;Method: checkResponseCodesForInvalidValues([Parameter{index=0, type=float, declaredAnnotations=[]}, Parameter{index=1, type=float, declaredAnnotations=[]}])&#10;Arguments: [(java.lang.Double) 0.0,(java.lang.Float) -180.0]" type="org.testng.internal.reflect.MethodMatcherException">org.testng.internal.reflect.MethodMatcherException: 

[public void ISSPassTimesTests.checkResponseCodesForInvalidValues(float,float)] has no parameters defined but was found to be using a data provider (either explicitly specified or inherited from class level annotation).
Data provider mismatch
Method: checkResponseCodesForInvalidValues([Parameter{index=0, type=float, declaredAnnotations=[]}, Parameter{index=1, type=float, declaredAnnotations=[]}])
Arguments: [(java.lang.Double) 0.0,(java.lang.Float) -180.0]
</failure>
  </testcase>
</testsuite>