-------------------------------------------------------------------------------
Test set: TestSuite
-------------------------------------------------------------------------------
Tests run: 231, Failures: 38, Errors: 0, Skipped: 0, Time elapsed: 29.91 s <<< FAILURE! - in TestSuite
checkIfResponseContainPhrase(SearchTest)  Time elapsed: 0.012 s  <<< FAILURE!
java.lang.AssertionError: 

Expected: is <true>
     but: was <false>
	at SearchTest.checkIfResponseContainPhrase(SearchTest.java:24)

checkIfResponseContainPhrase(SearchTest)  Time elapsed: 0 s  <<< FAILURE!
java.lang.AssertionError: 

Expected: is <true>
     but: was <false>
	at SearchTest.checkIfResponseContainPhrase(SearchTest.java:24)

checkIfResponseContainPhrase(SearchTest)  Time elapsed: 0 s  <<< FAILURE!
java.lang.AssertionError: 

Expected: is <true>
     but: was <false>
	at SearchTest.checkIfResponseContainPhrase(SearchTest.java:24)

checkIfResponseContainPhrase(SearchTest)  Time elapsed: 0.004 s  <<< FAILURE!
java.lang.AssertionError: 

Expected: is <true>
     but: was <false>
	at SearchTest.checkIfResponseContainPhrase(SearchTest.java:24)

checkIfResponseContainPhrase(SearchTest)  Time elapsed: 0 s  <<< FAILURE!
java.lang.AssertionError: 

Expected: is <true>
     but: was <false>
	at SearchTest.checkIfResponseContainPhrase(SearchTest.java:24)

checkIfResponseContainPhrase(SearchTest)  Time elapsed: 0 s  <<< FAILURE!
java.lang.AssertionError: 

Expected: is <true>
     but: was <false>
	at SearchTest.checkIfResponseContainPhrase(SearchTest.java:24)

checkIfResponseContainPhrase(SearchTest)  Time elapsed: 0.003 s  <<< FAILURE!
java.lang.AssertionError: 

Expected: is <true>
     but: was <false>
	at SearchTest.checkIfResponseContainPhrase(SearchTest.java:24)

checkIfResponseContainPhrase(SearchTest)  Time elapsed: 0 s  <<< FAILURE!
java.lang.AssertionError: 

Expected: is <true>
     but: was <false>
	at SearchTest.checkIfResponseContainPhrase(SearchTest.java:24)

checkIfResponseContainPhrase(SearchTest)  Time elapsed: 0 s  <<< FAILURE!
java.lang.AssertionError: 

Expected: is <true>
     but: was <false>
	at SearchTest.checkIfResponseContainPhrase(SearchTest.java:24)

checkIfResponseContainPhrase(SearchTest)  Time elapsed: 0.004 s  <<< FAILURE!
java.lang.AssertionError: 

Expected: is <true>
     but: was <false>
	at SearchTest.checkIfResponseContainPhrase(SearchTest.java:24)

checkIfResponseContainPhrase(SearchTest)  Time elapsed: 0 s  <<< FAILURE!
java.lang.AssertionError: 

Expected: is <true>
     but: was <false>
	at SearchTest.checkIfResponseContainPhrase(SearchTest.java:24)

checkIfResponseContainPhrase(SearchTest)  Time elapsed: 0 s  <<< FAILURE!
java.lang.AssertionError: 

Expected: is <true>
     but: was <false>
	at SearchTest.checkIfResponseContainPhrase(SearchTest.java:24)

checkIfResponseContainPhrase(SearchTest)  Time elapsed: 0 s  <<< FAILURE!
java.lang.AssertionError: 

Expected: is <true>
     but: was <false>
	at SearchTest.checkIfResponseContainPhrase(SearchTest.java:24)

checkIfResponseContainPhrase(SearchTest)  Time elapsed: 0 s  <<< FAILURE!
java.lang.AssertionError: 

Expected: is <true>
     but: was <false>
	at SearchTest.checkIfResponseContainPhrase(SearchTest.java:24)

checkIfResponseContainPhrase(SearchTest)  Time elapsed: 0 s  <<< FAILURE!
java.lang.AssertionError: 

Expected: is <true>
     but: was <false>
	at SearchTest.checkIfResponseContainPhrase(SearchTest.java:24)

checkIfResponseContainPhrase(SearchTest)  Time elapsed: 0 s  <<< FAILURE!
java.lang.AssertionError: 

Expected: is <true>
     but: was <false>
	at SearchTest.checkIfResponseContainPhrase(SearchTest.java:24)

checkIfResponseContainPhrase(SearchTest)  Time elapsed: 0 s  <<< FAILURE!
java.lang.AssertionError: 

Expected: is <true>
     but: was <false>
	at SearchTest.checkIfResponseContainPhrase(SearchTest.java:24)

checkIfResponseContainPhrase(SearchTest)  Time elapsed: 0 s  <<< FAILURE!
java.lang.AssertionError: 

Expected: is <true>
     but: was <false>
	at SearchTest.checkIfResponseContainPhrase(SearchTest.java:24)

checkIfResponseContainPhrase(SearchTest)  Time elapsed: 0 s  <<< FAILURE!
java.lang.AssertionError: 

Expected: is <true>
     but: was <false>
	at SearchTest.checkIfResponseContainPhrase(SearchTest.java:24)

checkIfResponseContainPhrase(SearchTest)  Time elapsed: 0 s  <<< FAILURE!
java.lang.AssertionError: 

Expected: is <true>
     but: was <false>
	at SearchTest.checkIfResponseContainPhrase(SearchTest.java:24)

checkIfResponseContainPhrase(SearchTest)  Time elapsed: 0 s  <<< FAILURE!
java.lang.AssertionError: 

Expected: is <true>
     but: was <false>
	at SearchTest.checkIfResponseContainPhrase(SearchTest.java:24)

checkIfResponseContainPhrase(SearchTest)  Time elapsed: 0.001 s  <<< FAILURE!
java.lang.AssertionError: 

Expected: is <true>
     but: was <false>
	at SearchTest.checkIfResponseContainPhrase(SearchTest.java:24)

checkIfResponseContainPhrase(SearchTest)  Time elapsed: 0 s  <<< FAILURE!
java.lang.AssertionError: 

Expected: is <true>
     but: was <false>
	at SearchTest.checkIfResponseContainPhrase(SearchTest.java:24)

checkIfResponseContainPhrase(SearchTest)  Time elapsed: 0 s  <<< FAILURE!
java.lang.AssertionError: 

Expected: is <true>
     but: was <false>
	at SearchTest.checkIfResponseContainPhrase(SearchTest.java:24)

checkIfResponseContainPhrase(SearchTest)  Time elapsed: 0.002 s  <<< FAILURE!
java.lang.AssertionError: 

Expected: is <true>
     but: was <false>
	at SearchTest.checkIfResponseContainPhrase(SearchTest.java:24)

checkIfResponseContainPhrase(SearchTest)  Time elapsed: 0 s  <<< FAILURE!
java.lang.AssertionError: 

Expected: is <true>
     but: was <false>
	at SearchTest.checkIfResponseContainPhrase(SearchTest.java:24)

checkIfResponseContainPhrase(SearchTest)  Time elapsed: 0 s  <<< FAILURE!
java.lang.AssertionError: 

Expected: is <true>
     but: was <false>
	at SearchTest.checkIfResponseContainPhrase(SearchTest.java:24)

checkIfResponseContainPhrase(SearchTest)  Time elapsed: 0.001 s  <<< FAILURE!
java.lang.AssertionError: 

Expected: is <true>
     but: was <false>
	at SearchTest.checkIfResponseContainPhrase(SearchTest.java:24)

checkIfResponseContainPhrase(SearchTest)  Time elapsed: 0.001 s  <<< FAILURE!
java.lang.AssertionError: 

Expected: is <true>
     but: was <false>
	at SearchTest.checkIfResponseContainPhrase(SearchTest.java:24)

checkIfResponseContainPhrase(SearchTest)  Time elapsed: 0.001 s  <<< FAILURE!
java.lang.AssertionError: 

Expected: is <true>
     but: was <false>
	at SearchTest.checkIfResponseContainPhrase(SearchTest.java:24)

checkIfResponseContainPhrase(SearchTest)  Time elapsed: 0 s  <<< FAILURE!
java.lang.AssertionError: 

Expected: is <true>
     but: was <false>
	at SearchTest.checkIfResponseContainPhrase(SearchTest.java:24)

checkIfResponseContainPhrase(SearchTest)  Time elapsed: 0 s  <<< FAILURE!
java.lang.AssertionError: 

Expected: is <true>
     but: was <false>
	at SearchTest.checkIfResponseContainPhrase(SearchTest.java:24)

checkIfResponseContainPhrase(SearchTest)  Time elapsed: 0.001 s  <<< FAILURE!
java.lang.AssertionError: 

Expected: is <true>
     but: was <false>
	at SearchTest.checkIfResponseContainPhrase(SearchTest.java:24)

checkIfResponseContainPhrase(SearchTest)  Time elapsed: 0 s  <<< FAILURE!
java.lang.AssertionError: 

Expected: is <true>
     but: was <false>
	at SearchTest.checkIfResponseContainPhrase(SearchTest.java:24)

checkIfResponseContainPhrase(SearchTest)  Time elapsed: 0.001 s  <<< FAILURE!
java.lang.AssertionError: 

Expected: is <true>
     but: was <false>
	at SearchTest.checkIfResponseContainPhrase(SearchTest.java:24)

checkIfResponseContainPhrase(SearchTest)  Time elapsed: 0 s  <<< FAILURE!
java.lang.AssertionError: 

Expected: is <true>
     but: was <false>
	at SearchTest.checkIfResponseContainPhrase(SearchTest.java:24)

checkIfResponseContainPhrase(SearchTest)  Time elapsed: 0 s  <<< FAILURE!
java.lang.AssertionError: 

Expected: is <true>
     but: was <false>
	at SearchTest.checkIfResponseContainPhrase(SearchTest.java:24)

checkIfResponseContainPhrase(SearchTest)  Time elapsed: 0.001 s  <<< FAILURE!
java.lang.AssertionError: 

Expected: is <true>
     but: was <false>
	at SearchTest.checkIfResponseContainPhrase(SearchTest.java:24)

