<?xml version="1.0" encoding="UTF-8"?>
<testng-results ignored="0" total="231" passed="193" failed="38" skipped="0">
  <reporter-output>
  </reporter-output>
  <suite started-at="2019-12-15T17:57:57 CET" name="SuiteNum1" finished-at="2019-12-15T17:58:25 CET" duration-ms="28521">
    <groups>
    </groups>
    <test started-at="2019-12-15T17:57:57 CET" name="MainTest" finished-at="2019-12-15T17:58:25 CET" duration-ms="28521">
      <class name="SortingTest">
        <test-method signature="ascendingSortStringValues(java.lang.String)[pri:1, instance:SortingTest@20140db9]" started-at="2019-12-15T17:58:16 CET" name="ascendingSortStringValues" data-provider="sortingParametersWithStringValues" finished-at="2019-12-15T17:58:17 CET" duration-ms="689" status="PASS">
          <params>
            <param index="0">
              <value>
                <![CDATA[country]]>
              </value>
            </param>
          </params>
          <reporter-output>
          </reporter-output>
        </test-method> <!-- ascendingSortStringValues -->
        <test-method signature="ascendingSortStringValues(java.lang.String)[pri:1, instance:SortingTest@20140db9]" started-at="2019-12-15T17:58:17 CET" name="ascendingSortStringValues" data-provider="sortingParametersWithStringValues" finished-at="2019-12-15T17:58:17 CET" duration-ms="694" status="PASS">
          <params>
            <param index="0">
              <value>
                <![CDATA[state]]>
              </value>
            </param>
          </params>
          <reporter-output>
          </reporter-output>
        </test-method> <!-- ascendingSortStringValues -->
        <test-method signature="ascendingSortStringValues(java.lang.String)[pri:1, instance:SortingTest@20140db9]" started-at="2019-12-15T17:58:17 CET" name="ascendingSortStringValues" data-provider="sortingParametersWithStringValues" finished-at="2019-12-15T17:58:18 CET" duration-ms="406" status="PASS">
          <params>
            <param index="0">
              <value>
                <![CDATA[city]]>
              </value>
            </param>
          </params>
          <reporter-output>
          </reporter-output>
        </test-method> <!-- ascendingSortStringValues -->
        <test-method signature="ascendingSortStringValues(java.lang.String)[pri:1, instance:SortingTest@20140db9]" started-at="2019-12-15T17:58:18 CET" name="ascendingSortStringValues" data-provider="sortingParametersWithStringValues" finished-at="2019-12-15T17:58:18 CET" duration-ms="405" status="PASS">
          <params>
            <param index="0">
              <value>
                <![CDATA[brewery_type]]>
              </value>
            </param>
          </params>
          <reporter-output>
          </reporter-output>
        </test-method> <!-- ascendingSortStringValues -->
        <test-method signature="descendingSortStringValues(java.lang.String)[pri:1, instance:SortingTest@20140db9]" started-at="2019-12-15T17:58:18 CET" name="descendingSortStringValues" data-provider="sortingParametersWithStringValues" finished-at="2019-12-15T17:58:19 CET" duration-ms="400" status="PASS">
          <params>
            <param index="0">
              <value>
                <![CDATA[country]]>
              </value>
            </param>
          </params>
          <reporter-output>
          </reporter-output>
        </test-method> <!-- descendingSortStringValues -->
        <test-method signature="descendingSortStringValues(java.lang.String)[pri:1, instance:SortingTest@20140db9]" started-at="2019-12-15T17:58:19 CET" name="descendingSortStringValues" data-provider="sortingParametersWithStringValues" finished-at="2019-12-15T17:58:19 CET" duration-ms="820" status="PASS">
          <params>
            <param index="0">
              <value>
                <![CDATA[state]]>
              </value>
            </param>
          </params>
          <reporter-output>
          </reporter-output>
        </test-method> <!-- descendingSortStringValues -->
        <test-method signature="descendingSortStringValues(java.lang.String)[pri:1, instance:SortingTest@20140db9]" started-at="2019-12-15T17:58:19 CET" name="descendingSortStringValues" data-provider="sortingParametersWithStringValues" finished-at="2019-12-15T17:58:20 CET" duration-ms="810" status="PASS">
          <params>
            <param index="0">
              <value>
                <![CDATA[city]]>
              </value>
            </param>
          </params>
          <reporter-output>
          </reporter-output>
        </test-method> <!-- descendingSortStringValues -->
        <test-method signature="descendingSortStringValues(java.lang.String)[pri:1, instance:SortingTest@20140db9]" started-at="2019-12-15T17:58:20 CET" name="descendingSortStringValues" data-provider="sortingParametersWithStringValues" finished-at="2019-12-15T17:58:21 CET" duration-ms="406" status="PASS">
          <params>
            <param index="0">
              <value>
                <![CDATA[brewery_type]]>
              </value>
            </param>
          </params>
          <reporter-output>
          </reporter-output>
        </test-method> <!-- descendingSortStringValues -->
        <test-method signature="descendingSortId()[pri:2, instance:SortingTest@20140db9]" started-at="2019-12-15T17:58:21 CET" name="descendingSortId" finished-at="2019-12-15T17:58:21 CET" duration-ms="375" status="PASS">
          <reporter-output>
          </reporter-output>
        </test-method> <!-- descendingSortId -->
        <test-method signature="ascendingSortId()[pri:3, instance:SortingTest@20140db9]" started-at="2019-12-15T17:58:21 CET" name="ascendingSortId" finished-at="2019-12-15T17:58:21 CET" duration-ms="386" status="PASS">
          <reporter-output>
          </reporter-output>
        </test-method> <!-- ascendingSortId -->
      </class> <!-- SortingTest -->
      <class name="GetAllBreweriesTest">
        <test-method signature="getAllBreweries()[pri:1, instance:GetAllBreweriesTest@6c1a5b54]" started-at="2019-12-15T17:58:04 CET" name="getAllBreweries" finished-at="2019-12-15T17:58:04 CET" duration-ms="790" status="PASS">
          <reporter-output>
          </reporter-output>
        </test-method> <!-- getAllBreweries -->
        <test-method signature="filterBreweriesByState()[pri:2, instance:GetAllBreweriesTest@6c1a5b54]" started-at="2019-12-15T17:58:04 CET" name="filterBreweriesByState" finished-at="2019-12-15T17:58:05 CET" depends-on-methods="GetAllBreweriesTest.getAllBreweries" duration-ms="790" status="PASS">
          <reporter-output>
          </reporter-output>
        </test-method> <!-- filterBreweriesByState -->
        <test-method signature="filterBreweriesByCity()[pri:3, instance:GetAllBreweriesTest@6c1a5b54]" started-at="2019-12-15T17:58:05 CET" name="filterBreweriesByCity" finished-at="2019-12-15T17:58:06 CET" depends-on-methods="GetAllBreweriesTest.getAllBreweries" duration-ms="751" status="PASS">
          <reporter-output>
          </reporter-output>
        </test-method> <!-- filterBreweriesByCity -->
        <test-method signature="filterBreweriesByName()[pri:3, instance:GetAllBreweriesTest@6c1a5b54]" started-at="2019-12-15T17:58:06 CET" name="filterBreweriesByName" finished-at="2019-12-15T17:58:07 CET" depends-on-methods="GetAllBreweriesTest.getAllBreweries" duration-ms="1130" status="PASS">
          <reporter-output>
          </reporter-output>
        </test-method> <!-- filterBreweriesByName -->
        <test-method signature="filterBreweriesByType()[pri:4, instance:GetAllBreweriesTest@6c1a5b54]" started-at="2019-12-15T17:58:07 CET" name="filterBreweriesByType" finished-at="2019-12-15T17:58:08 CET" depends-on-methods="GetAllBreweriesTest.getAllBreweries" duration-ms="711" status="PASS">
          <reporter-output>
          </reporter-output>
        </test-method> <!-- filterBreweriesByType -->
      </class> <!-- GetAllBreweriesTest -->
      <class name="SearchTest">
        <test-method signature="checkStatusCodeAndSchema()[pri:1, instance:SearchTest@1ffaf86]" started-at="2019-12-15T17:57:57 CET" name="checkStatusCodeAndSchema" finished-at="2019-12-15T17:58:02 CET" duration-ms="5950" status="PASS">
          <reporter-output>
          </reporter-output>
        </test-method> <!-- checkStatusCodeAndSchema -->
        <test-method signature="checkIfResponseContainPhrase(java.lang.Object)[pri:2, instance:SearchTest@1ffaf86]" started-at="2019-12-15T17:58:03 CET" name="checkIfResponseContainPhrase" data-provider="getObjects" finished-at="2019-12-15T17:58:03 CET" duration-ms="1" status="PASS">
          <params>
            <param index="0">
              <value>
                <![CDATA[{id=2616, name=Danny Boy Beer Works, brewery_type=brewpub, street=12702 Meeting House Rd, city=Carmel, state=Indiana, postal_code=46032-7292, country=United States, longitude=-86.1971767, latitude=39.971556, phone=3176698080, website_url=http://www.dannyboybeerworks.com, updated_at=2018-08-24T00:32:45.430Z, tag_list=[]}]]>
              </value>
            </param>
          </params>
          <reporter-output>
          </reporter-output>
        </test-method> <!-- checkIfResponseContainPhrase -->
        <test-method signature="checkIfResponseContainPhrase(java.lang.Object)[pri:2, instance:SearchTest@1ffaf86]" started-at="2019-12-15T17:58:03 CET" name="checkIfResponseContainPhrase" data-provider="getObjects" finished-at="2019-12-15T17:58:03 CET" duration-ms="1" status="PASS">
          <params>
            <param index="0">
              <value>
                <![CDATA[{id=6395, name=Dead Eric Brewing Co. LLC, brewery_type=micro, street=433 Old House Rd, city=Ridgeland, state=South Carolina, postal_code=29936-6946, country=United States, longitude=-83.042921, latitude=34.723368, phone=8433383693, website_url=http://www.deadericbrewing.com, updated_at=2018-08-24T16:14:29.239Z, tag_list=[]}]]>
              </value>
            </param>
          </params>
          <reporter-output>
          </reporter-output>
        </test-method> <!-- checkIfResponseContainPhrase -->
        <test-method signature="checkIfResponseContainPhrase(java.lang.Object)[pri:2, instance:SearchTest@1ffaf86]" started-at="2019-12-15T17:58:03 CET" name="checkIfResponseContainPhrase" data-provider="getObjects" finished-at="2019-12-15T17:58:03 CET" duration-ms="0" status="PASS">
          <params>
            <param index="0">
              <value>
                <![CDATA[{id=7174, name=Great American Restaurants, Sweetwater Tavern, brewery_type=brewpub, street=3066 Gate House Plz, city=Falls Church, state=Virginia, postal_code=22042-1028, country=United States, longitude=null, latitude=null, phone=7036458100, website_url=http://www.greatamericanrestaurants.com, updated_at=2018-08-11T21:40:05.479Z, tag_list=[]}]]>
              </value>
            </param>
          </params>
          <reporter-output>
          </reporter-output>
        </test-method> <!-- checkIfResponseContainPhrase -->
        <test-method signature="checkIfResponseContainPhrase(java.lang.Object)[pri:2, instance:SearchTest@1ffaf86]" started-at="2019-12-15T17:58:03 CET" name="checkIfResponseContainPhrase" data-provider="getObjects" finished-at="2019-12-15T17:58:03 CET" duration-ms="0" status="PASS">
          <params>
            <param index="0">
              <value>
                <![CDATA[{id=7143, name=Commonwealth Brewing Co., brewery_type=micro, street=2444 Pleasure House Rd, city=Virginia Beach, state=Virginia, postal_code=23455-1348, country=United States, longitude=-76.1318655, latitude=36.9135253, phone=7573059652, website_url=http://www.commonwealthbrewco.com, updated_at=2018-08-24T16:28:15.916Z, tag_list=[]}]]>
              </value>
            </param>
          </params>
          <reporter-output>
          </reporter-output>
        </test-method> <!-- checkIfResponseContainPhrase -->
        <test-method signature="checkIfResponseContainPhrase(java.lang.Object)[pri:2, instance:SearchTest@1ffaf86]" started-at="2019-12-15T17:58:03 CET" name="checkIfResponseContainPhrase" data-provider="getObjects" finished-at="2019-12-15T17:58:03 CET" duration-ms="0" status="PASS">
          <params>
            <param index="0">
              <value>
                <![CDATA[{id=6340, name=Wissahickon Brewing Company, brewery_type=micro, street=3705 W School House Ln, city=Philadelphia, state=Pennsylvania, postal_code=19129-1738, country=United States, longitude=-75.2004703333333, latitude=40.013655, phone=2154838833, website_url=http://www.wissahickonbrew.com, updated_at=2018-08-24T16:13:21.883Z, tag_list=[]}]]>
              </value>
            </param>
          </params>
          <reporter-output>
          </reporter-output>
        </test-method> <!-- checkIfResponseContainPhrase -->
        <test-method signature="checkIfResponseContainPhrase(java.lang.Object)[pri:2, instance:SearchTest@1ffaf86]" started-at="2019-12-15T17:58:03 CET" name="checkIfResponseContainPhrase" data-provider="getObjects" finished-at="2019-12-15T17:58:03 CET" duration-ms="2" status="PASS">
          <params>
            <param index="0">
              <value>
                <![CDATA[{id=1419, name=Jessup Farm Barrel House, brewery_type=micro, street=1921 Jessup Dr, city=Fort Collins, state=Colorado, postal_code=80525-2551, country=United States, longitude=-105.0380013, latitude=40.5620458, phone=9705688345, website_url=http://jessupfarm.com/barrel-house/, updated_at=2018-08-24T00:23:33.661Z, tag_list=[]}]]>
              </value>
            </param>
          </params>
          <reporter-output>
          </reporter-output>
        </test-method> <!-- checkIfResponseContainPhrase -->
        <test-method signature="checkIfResponseContainPhrase(java.lang.Object)[pri:2, instance:SearchTest@1ffaf86]" started-at="2019-12-15T17:58:03 CET" name="checkIfResponseContainPhrase" data-provider="getObjects" finished-at="2019-12-15T17:58:03 CET" duration-ms="0" status="PASS">
          <params>
            <param index="0">
              <value>
                <![CDATA[{id=687, name=House Beer, brewery_type=proprietor, street=219 Rose Ave, city=Venice, state=California, postal_code=90291-2567, country=United States, longitude=-118.477531857143, latitude=33.9963199183673, phone=3103103331, website_url=http://www.housebeer.us, updated_at=2018-08-23T23:29:37.348Z, tag_list=[]}]]>
              </value>
            </param>
          </params>
          <reporter-output>
          </reporter-output>
        </test-method> <!-- checkIfResponseContainPhrase -->
        <test-method signature="checkIfResponseContainPhrase(java.lang.Object)[pri:2, instance:SearchTest@1ffaf86]" started-at="2019-12-15T17:58:03 CET" name="checkIfResponseContainPhrase" data-provider="getObjects" finished-at="2019-12-15T17:58:03 CET" duration-ms="0" status="PASS">
          <params>
            <param index="0">
              <value>
                <![CDATA[{id=1381, name=Grandma's House, brewery_type=micro, street=1710 S Broadway, city=Denver, state=Colorado, postal_code=80210-3102, country=United States, longitude=-104.987273714286, latitude=39.7435056734694, phone=3035786754, website_url=http://www.grandmasbeer.com, updated_at=2018-08-24T00:23:14.926Z, tag_list=[]}]]>
              </value>
            </param>
          </params>
          <reporter-output>
          </reporter-output>
        </test-method> <!-- checkIfResponseContainPhrase -->
        <test-method signature="checkIfResponseContainPhrase(java.lang.Object)[pri:2, instance:SearchTest@1ffaf86]" started-at="2019-12-15T17:58:03 CET" name="checkIfResponseContainPhrase" data-provider="getObjects" finished-at="2019-12-15T17:58:03 CET" duration-ms="1" status="PASS">
          <params>
            <param index="0">
              <value>
                <![CDATA[{id=2657, name=Liter House, brewery_type=planning, street=, city=Indianapolis, state=Indiana, postal_code=46220, country=United States, longitude=null, latitude=null, phone=3176940580, website_url=, updated_at=2018-08-11T21:37:19.972Z, tag_list=[]}]]>
              </value>
            </param>
          </params>
          <reporter-output>
          </reporter-output>
        </test-method> <!-- checkIfResponseContainPhrase -->
        <test-method signature="checkIfResponseContainPhrase(java.lang.Object)[pri:2, instance:SearchTest@1ffaf86]" started-at="2019-12-15T17:58:03 CET" name="checkIfResponseContainPhrase" data-provider="getObjects" finished-at="2019-12-15T17:58:03 CET" duration-ms="0" status="PASS">
          <params>
            <param index="0">
              <value>
                <![CDATA[{id=229, name=Columbus House Brewery, brewery_type=micro, street=701 W North St, city=Fayetteville, state=Arkansas, postal_code=72701-1865, country=United States, longitude=-94.1688685443672, latitude=36.0771652, phone=4799353752, website_url=, updated_at=2018-08-23T23:23:09.381Z, tag_list=[]}]]>
              </value>
            </param>
          </params>
          <reporter-output>
          </reporter-output>
        </test-method> <!-- checkIfResponseContainPhrase -->
        <test-method signature="checkIfResponseContainPhrase(java.lang.Object)[pri:2, instance:SearchTest@1ffaf86]" started-at="2019-12-15T17:58:03 CET" name="checkIfResponseContainPhrase" data-provider="getObjects" finished-at="2019-12-15T17:58:03 CET" duration-ms="2" status="PASS">
          <params>
            <param index="0">
              <value>
                <![CDATA[{id=922, name=Poor House Brewing, brewery_type=micro, street=4494 30th St, city=San Diego, state=California, postal_code=92116-4287, country=United States, longitude=-117.130404, latitude=32.758977, phone=8587699070, website_url=http://www.poorhousebrew.com, updated_at=2018-08-24T00:01:05.583Z, tag_list=[]}]]>
              </value>
            </param>
          </params>
          <reporter-output>
          </reporter-output>
        </test-method> <!-- checkIfResponseContainPhrase -->
        <test-method signature="checkIfResponseContainPhrase(java.lang.Object)[pri:2, instance:SearchTest@1ffaf86]" started-at="2019-12-15T17:58:03 CET" name="checkIfResponseContainPhrase" data-provider="getObjects" finished-at="2019-12-15T17:58:03 CET" duration-ms="0" status="PASS">
          <params>
            <param index="0">
              <value>
                <![CDATA[{id=1483, name=Ourayle House Brewery, brewery_type=micro, street=703 Main St, city=Ouray, state=Colorado, postal_code=81427-0630, country=United States, longitude=-107.671404818667, latitude=38.0240204079867, phone=9709031824, website_url=, updated_at=2018-08-24T00:24:06.399Z, tag_list=[]}]]>
              </value>
            </param>
          </params>
          <reporter-output>
          </reporter-output>
        </test-method> <!-- checkIfResponseContainPhrase -->
        <test-method signature="checkIfResponseContainPhrase(java.lang.Object)[pri:2, instance:SearchTest@1ffaf86]" started-at="2019-12-15T17:58:03 CET" name="checkIfResponseContainPhrase" data-provider="getObjects" finished-at="2019-12-15T17:58:03 CET" duration-ms="1" status="PASS">
          <params>
            <param index="0">
              <value>
                <![CDATA[{id=1759, name=Stitch House Brewery, brewery_type=brewpub, street=829 North Market Street, city=Wilmington, state=Delaware, postal_code=19801, country=United States, longitude=-75.5490871634984, latitude=39.7438473029416, phone=3022504280, website_url=http://www.stitchhousebrewery.com, updated_at=2018-08-24T00:26:09.597Z, tag_list=[]}]]>
              </value>
            </param>
          </params>
          <reporter-output>
          </reporter-output>
        </test-method> <!-- checkIfResponseContainPhrase -->
        <test-method signature="checkIfResponseContainPhrase(java.lang.Object)[pri:2, instance:SearchTest@1ffaf86]" started-at="2019-12-15T17:58:03 CET" name="checkIfResponseContainPhrase" data-provider="getObjects" finished-at="2019-12-15T17:58:03 CET" duration-ms="1" status="PASS">
          <params>
            <param index="0">
              <value>
                <![CDATA[{id=2062, name=Stilt House Brewery, brewery_type=micro, street=625 US 19 Alt, city=Palm Harbor, state=Florida, postal_code=34683, country=United States, longitude=null, latitude=null, phone=8138911693, website_url=http://www.stilthousebrewery.com, updated_at=2018-08-11T21:36:58.940Z, tag_list=[]}]]>
              </value>
            </param>
          </params>
          <reporter-output>
          </reporter-output>
        </test-method> <!-- checkIfResponseContainPhrase -->
        <test-method signature="checkIfResponseContainPhrase(java.lang.Object)[pri:2, instance:SearchTest@1ffaf86]" started-at="2019-12-15T17:58:03 CET" name="checkIfResponseContainPhrase" data-provider="getObjects" finished-at="2019-12-15T17:58:03 CET" duration-ms="1" status="PASS">
          <params>
            <param index="0">
              <value>
                <![CDATA[{id=2356, name=Cary Ale House, brewery_type=brewpub, street=208 W Main St Lowr 1, city=Cary, state=Illinois, postal_code=60013-2786, country=United States, longitude=null, latitude=null, phone=8476397244, website_url=http://caryalehousebrewing.com, updated_at=2018-08-11T21:37:08.952Z, tag_list=[]}]]>
              </value>
            </param>
          </params>
          <reporter-output>
          </reporter-output>
        </test-method> <!-- checkIfResponseContainPhrase -->
        <test-method signature="checkIfResponseContainPhrase(java.lang.Object)[pri:2, instance:SearchTest@1ffaf86]" started-at="2019-12-15T17:58:03 CET" name="checkIfResponseContainPhrase" data-provider="getObjects" finished-at="2019-12-15T17:58:03 CET" duration-ms="1" status="PASS">
          <params>
            <param index="0">
              <value>
                <![CDATA[{id=2751, name=Clock House Brewing, brewery_type=micro, street=600 1st St SE, city=Cedar Rapids, state=Iowa, postal_code=52401, country=United States, longitude=-91.665354, latitude=41.973813, phone=3192004099, website_url=http://www.clockhousebrewing.com, updated_at=2018-08-24T00:33:53.370Z, tag_list=[]}]]>
              </value>
            </param>
          </params>
          <reporter-output>
          </reporter-output>
        </test-method> <!-- checkIfResponseContainPhrase -->
        <test-method signature="checkIfResponseContainPhrase(java.lang.Object)[pri:2, instance:SearchTest@1ffaf86]" started-at="2019-12-15T17:58:03 CET" name="checkIfResponseContainPhrase" data-provider="getObjects" finished-at="2019-12-15T17:58:03 CET" duration-ms="1" status="PASS">
          <params>
            <param index="0">
              <value>
                <![CDATA[{id=2917, name=Rock House Brewing, brewery_type=micro, street=119 Luigart Ct, city=Lexington, state=Kentucky, postal_code=40508-1686, country=United States, longitude=-84.4822984081633, latitude=38.0565233673469, phone=8593687064, website_url=http://www.rockhousebrewing.com, updated_at=2018-08-24T00:39:03.899Z, tag_list=[]}]]>
              </value>
            </param>
          </params>
          <reporter-output>
          </reporter-output>
        </test-method> <!-- checkIfResponseContainPhrase -->
        <test-method signature="checkIfResponseContainPhrase(java.lang.Object)[pri:2, instance:SearchTest@1ffaf86]" started-at="2019-12-15T17:58:03 CET" name="checkIfResponseContainPhrase" data-provider="getObjects" finished-at="2019-12-15T17:58:03 CET" duration-ms="0" status="PASS">
          <params>
            <param index="0">
              <value>
                <![CDATA[{id=3157, name=Johanssons Dining House, brewery_type=brewpub, street=4 W Main St, city=Westminster, state=Maryland, postal_code=21157-4816, country=United States, longitude=-76.9959315, latitude=39.5753896, phone=4108760101, website_url=http://www.johanssonsdininghouse.com, updated_at=2018-08-24T00:40:37.453Z, tag_list=[]}]]>
              </value>
            </param>
          </params>
          <reporter-output>
          </reporter-output>
        </test-method> <!-- checkIfResponseContainPhrase -->
        <test-method signature="checkIfResponseContainPhrase(java.lang.Object)[pri:2, instance:SearchTest@1ffaf86]" started-at="2019-12-15T17:58:03 CET" name="checkIfResponseContainPhrase" data-provider="getObjects" finished-at="2019-12-15T17:58:03 CET" duration-ms="1" status="PASS">
          <params>
            <param index="0">
              <value>
                <![CDATA[{id=3222, name=Barrel House Z, brewery_type=micro, street=95 Woodrock Rd, city=Weymouth, state=Massachusetts, postal_code=02189-2335, country=United States, longitude=null, latitude=null, phone=3392017888, website_url=http://www.barrelhousez.net, updated_at=2018-08-11T21:37:38.601Z, tag_list=[]}]]>
              </value>
            </param>
          </params>
          <reporter-output>
          </reporter-output>
        </test-method> <!-- checkIfResponseContainPhrase -->
        <test-method signature="checkIfResponseContainPhrase(java.lang.Object)[pri:2, instance:SearchTest@1ffaf86]" started-at="2019-12-15T17:58:03 CET" name="checkIfResponseContainPhrase" data-provider="getObjects" finished-at="2019-12-15T17:58:03 CET" duration-ms="0" status="FAIL">
          <params>
            <param index="0">
              <value>
                <![CDATA[{id=3351, name=Shire Breu Hous, brewery_type=brewpub, street=63 Flansburg Ave, city=Dalton, state=Massachusetts, postal_code=01226, country=United States, longitude=-73.1730985, latitude=42.4745867, phone=4138428313, website_url=http://www.shire.beer, updated_at=2018-08-24T00:41:46.010Z, tag_list=[]}]]>
              </value>
            </param>
          </params>
          <exception class="java.lang.AssertionError">
            <message>
              <![CDATA[
Expected: is <true>
     but: was <false>]]>
            </message>
            <full-stacktrace>
              <![CDATA[java.lang.AssertionError: 
Expected: is <true>
     but: was <false>
at org.hamcrest.MatcherAssert.assertThat(MatcherAssert.java:18)
at org.hamcrest.MatcherAssert.assertThat(MatcherAssert.java:6)
at SearchTest.checkIfResponseContainPhrase(SearchTest.java:24)
at jdk.internal.reflect.GeneratedMethodAccessor11.invoke(Unknown Source)
at java.base/jdk.internal.reflect.DelegatingMethodAccessorImpl.invoke(DelegatingMethodAccessorImpl.java:43)
at java.base/java.lang.reflect.Method.invoke(Method.java:566)
at org.testng.internal.MethodInvocationHelper.invokeMethod(MethodInvocationHelper.java:133)
at org.testng.internal.TestInvoker.invokeMethod(TestInvoker.java:584)
at org.testng.internal.TestInvoker.invokeTestMethod(TestInvoker.java:172)
at org.testng.internal.MethodRunner.runInSequence(MethodRunner.java:46)
at org.testng.internal.TestInvoker$MethodInvocationAgent.invoke(TestInvoker.java:804)
at org.testng.internal.TestInvoker.invokeTestMethods(TestInvoker.java:145)
at org.testng.internal.TestMethodWorker.invokeTestMethods(TestMethodWorker.java:146)
at org.testng.internal.TestMethodWorker.run(TestMethodWorker.java:128)
at java.base/java.util.ArrayList.forEach(ArrayList.java:1540)
at org.testng.TestRunner.privateRun(TestRunner.java:770)
at org.testng.TestRunner.run(TestRunner.java:591)
at org.testng.SuiteRunner.runTest(SuiteRunner.java:402)
at org.testng.SuiteRunner.runSequentially(SuiteRunner.java:396)
at org.testng.SuiteRunner.privateRun(SuiteRunner.java:355)
at org.testng.SuiteRunner.run(SuiteRunner.java:304)
at org.testng.SuiteRunnerWorker.runSuite(SuiteRunnerWorker.java:53)
at org.testng.SuiteRunnerWorker.run(SuiteRunnerWorker.java:96)
at org.testng.TestNG.runSuitesSequentially(TestNG.java:1180)
at org.testng.TestNG.runSuitesLocally(TestNG.java:1102)
at org.testng.TestNG.runSuites(TestNG.java:1032)
at org.testng.TestNG.run(TestNG.java:1000)
at org.apache.maven.surefire.testng.TestNGExecutor.run(TestNGExecutor.java:283)
at org.apache.maven.surefire.testng.TestNGXmlTestSuite.execute(TestNGXmlTestSuite.java:75)
at org.apache.maven.surefire.testng.TestNGProvider.invoke(TestNGProvider.java:120)
at org.apache.maven.surefire.booter.ForkedBooter.invokeProviderInSameClassLoader(ForkedBooter.java:384)
at org.apache.maven.surefire.booter.ForkedBooter.runSuitesInProcess(ForkedBooter.java:345)
at org.apache.maven.surefire.booter.ForkedBooter.execute(ForkedBooter.java:126)
at org.apache.maven.surefire.booter.ForkedBooter.main(ForkedBooter.java:418)
]]>
            </full-stacktrace>
          </exception> <!-- java.lang.AssertionError -->
          <reporter-output>
          </reporter-output>
        </test-method> <!-- checkIfResponseContainPhrase -->
        <test-method signature="checkIfResponseContainPhrase(java.lang.Object)[pri:2, instance:SearchTest@1ffaf86]" started-at="2019-12-15T17:58:03 CET" name="checkIfResponseContainPhrase" data-provider="getObjects" finished-at="2019-12-15T17:58:03 CET" duration-ms="1" status="PASS">
          <params>
            <param index="0">
              <value>
                <![CDATA[{id=3367, name=Tree House Brewery, brewery_type=regional, street=129 Sturbridge Rd, city=Charlton, state=Massachusetts, postal_code=01507-5330, country=United States, longitude=-72.0125532, latitude=42.1366948, phone=4139491891, website_url=http://www.treehousebrew.com, updated_at=2018-08-24T00:41:52.412Z, tag_list=[]}]]>
              </value>
            </param>
          </params>
          <reporter-output>
          </reporter-output>
        </test-method> <!-- checkIfResponseContainPhrase -->
        <test-method signature="checkIfResponseContainPhrase(java.lang.Object)[pri:2, instance:SearchTest@1ffaf86]" started-at="2019-12-15T17:58:03 CET" name="checkIfResponseContainPhrase" data-provider="getObjects" finished-at="2019-12-15T17:58:03 CET" duration-ms="0" status="PASS">
          <params>
            <param index="0">
              <value>
                <![CDATA[{id=3681, name=Rupert's Brew House, brewery_type=micro, street=773 W Michigan Ave, city=Kalamazoo, state=Michigan, postal_code=49007-4518, country=United States, longitude=-85.5941773954181, latitude=42.29072325, phone=2693379911, website_url=http://www.rupertsbrewhouse.com, updated_at=2018-08-24T00:44:04.845Z, tag_list=[]}]]>
              </value>
            </param>
          </params>
          <reporter-output>
          </reporter-output>
        </test-method> <!-- checkIfResponseContainPhrase -->
        <test-method signature="checkIfResponseContainPhrase(java.lang.Object)[pri:2, instance:SearchTest@1ffaf86]" started-at="2019-12-15T17:58:03 CET" name="checkIfResponseContainPhrase" data-provider="getObjects" finished-at="2019-12-15T17:58:03 CET" duration-ms="0" status="PASS">
          <params>
            <param index="0">
              <value>
                <![CDATA[{id=3568, name=Hunter's Ale House, brewery_type=brewpub, street=4855 E Blue Grass Rd, city=Mount Pleasant, state=Michigan, postal_code=48858-7527, country=United States, longitude=null, latitude=null, phone=9897792626, website_url=, updated_at=2018-08-11T21:37:51.000Z, tag_list=[]}]]>
              </value>
            </param>
          </params>
          <reporter-output>
          </reporter-output>
        </test-method> <!-- checkIfResponseContainPhrase -->
        <test-method signature="checkIfResponseContainPhrase(java.lang.Object)[pri:2, instance:SearchTest@1ffaf86]" started-at="2019-12-15T17:58:03 CET" name="checkIfResponseContainPhrase" data-provider="getObjects" finished-at="2019-12-15T17:58:03 CET" duration-ms="1" status="PASS">
          <params>
            <param index="0">
              <value>
                <![CDATA[{id=3949, name=Ward House Brewery, brewery_type=micro, street=111 Elm Ave W, city=Waseca, state=Minnesota, postal_code=56093-2433, country=United States, longitude=null, latitude=null, phone=, website_url=http://www.wardhousebrewing.com, updated_at=2018-08-11T21:38:05.669Z, tag_list=[]}]]>
              </value>
            </param>
          </params>
          <reporter-output>
          </reporter-output>
        </test-method> <!-- checkIfResponseContainPhrase -->
        <test-method signature="checkIfResponseContainPhrase(java.lang.Object)[pri:2, instance:SearchTest@1ffaf86]" started-at="2019-12-15T17:58:03 CET" name="checkIfResponseContainPhrase" data-provider="getObjects" finished-at="2019-12-15T17:58:03 CET" duration-ms="0" status="PASS">
          <params>
            <param index="0">
              <value>
                <![CDATA[{id=3853, name=Hayes Public House, brewery_type=micro, street=112 1st St S, city=Buffalo, state=Minnesota, postal_code=55313-1402, country=United States, longitude=-93.8745292239674, latitude=45.1708480605313, phone=7637466389, website_url=http://www.hayespublichouse.com, updated_at=2018-08-24T00:45:19.780Z, tag_list=[]}]]>
              </value>
            </param>
          </params>
          <reporter-output>
          </reporter-output>
        </test-method> <!-- checkIfResponseContainPhrase -->
        <test-method signature="checkIfResponseContainPhrase(java.lang.Object)[pri:2, instance:SearchTest@1ffaf86]" started-at="2019-12-15T17:58:03 CET" name="checkIfResponseContainPhrase" data-provider="getObjects" finished-at="2019-12-15T17:58:03 CET" duration-ms="1" status="PASS">
          <params>
            <param index="0">
              <value>
                <![CDATA[{id=4558, name=Taos Ale House, brewery_type=brewpub, street=401 Paseo del Pueblo Norte, city=Taos, state=New Mexico, postal_code=87571-5907, country=United States, longitude=-105.568722, latitude=36.41222, phone=5757585522, website_url=http://www.taosalehouse.com, updated_at=2018-08-24T15:37:48.379Z, tag_list=[]}]]>
              </value>
            </param>
          </params>
          <reporter-output>
          </reporter-output>
        </test-method> <!-- checkIfResponseContainPhrase -->
        <test-method signature="checkIfResponseContainPhrase(java.lang.Object)[pri:2, instance:SearchTest@1ffaf86]" started-at="2019-12-15T17:58:03 CET" name="checkIfResponseContainPhrase" data-provider="getObjects" finished-at="2019-12-15T17:58:03 CET" duration-ms="0" status="PASS">
          <params>
            <param index="0">
              <value>
                <![CDATA[{id=4039, name=McCoy's Public House, brewery_type=brewpub, street=4057 Pennsylvania Ave, city=Kansas City, state=Missouri, postal_code=64111-3021, country=United States, longitude=-94.5911729, latitude=39.1002989, phone=8169600866, website_url=http://www.mccoyspublichouse.com, updated_at=2018-08-24T00:46:36.359Z, tag_list=[]}]]>
              </value>
            </param>
          </params>
          <reporter-output>
          </reporter-output>
        </test-method> <!-- checkIfResponseContainPhrase -->
        <test-method signature="checkIfResponseContainPhrase(java.lang.Object)[pri:2, instance:SearchTest@1ffaf86]" started-at="2019-12-15T17:58:03 CET" name="checkIfResponseContainPhrase" data-provider="getObjects" finished-at="2019-12-15T17:58:03 CET" duration-ms="0" status="PASS">
          <params>
            <param index="0">
              <value>
                <![CDATA[{id=4658, name=Carey's Brew House, brewery_type=brewpub, street=58 Bridge St, city=Corning, state=New York, postal_code=14830-2239, country=United States, longitude=-77.0608970416667, latitude=42.1502577083333, phone=6073775651, website_url=http://www.careysbrewhouse.com, updated_at=2018-08-24T15:38:26.698Z, tag_list=[]}]]>
              </value>
            </param>
          </params>
          <reporter-output>
          </reporter-output>
        </test-method> <!-- checkIfResponseContainPhrase -->
        <test-method signature="checkIfResponseContainPhrase(java.lang.Object)[pri:2, instance:SearchTest@1ffaf86]" started-at="2019-12-15T17:58:03 CET" name="checkIfResponseContainPhrase" data-provider="getObjects" finished-at="2019-12-15T17:58:03 CET" duration-ms="1" status="PASS">
          <params>
            <param index="0">
              <value>
                <![CDATA[{id=4902, name=Scale House Brewery, brewery_type=brewpub, street=5930 State Route 414, city=Hector, state=New York, postal_code=14841-9662, country=United States, longitude=null, latitude=null, phone=6075462030, website_url=http://www.scalehousebrews.com, updated_at=2018-08-11T21:38:40.942Z, tag_list=[]}]]>
              </value>
            </param>
          </params>
          <reporter-output>
          </reporter-output>
        </test-method> <!-- checkIfResponseContainPhrase -->
        <test-method signature="checkIfResponseContainPhrase(java.lang.Object)[pri:2, instance:SearchTest@1ffaf86]" started-at="2019-12-15T17:58:03 CET" name="checkIfResponseContainPhrase" data-provider="getObjects" finished-at="2019-12-15T17:58:03 CET" duration-ms="0" status="PASS">
          <params>
            <param index="0">
              <value>
                <![CDATA[{id=4923, name=Southampton Publick House, brewery_type=brewpub, street=62 Jobs Ln, city=Southampton, state=New York, postal_code=11968-4807, country=United States, longitude=null, latitude=null, phone=6312832800, website_url=http://www.publick.com, updated_at=2018-08-11T21:38:41.687Z, tag_list=[]}]]>
              </value>
            </param>
          </params>
          <reporter-output>
          </reporter-output>
        </test-method> <!-- checkIfResponseContainPhrase -->
        <test-method signature="checkIfResponseContainPhrase(java.lang.Object)[pri:2, instance:SearchTest@1ffaf86]" started-at="2019-12-15T17:58:03 CET" name="checkIfResponseContainPhrase" data-provider="getObjects" finished-at="2019-12-15T17:58:03 CET" duration-ms="0" status="PASS">
          <params>
            <param index="0">
              <value>
                <![CDATA[{id=5354, name=Biker Brew House, brewery_type=micro, street=5700 Interstate Blvd, city=Austintown, state=Ohio, postal_code=44515-1170, country=United States, longitude=null, latitude=null, phone=, website_url=http://www.bikerbrewhouse.com, updated_at=2018-08-11T21:38:55.960Z, tag_list=[]}]]>
              </value>
            </param>
          </params>
          <reporter-output>
          </reporter-output>
        </test-method> <!-- checkIfResponseContainPhrase -->
        <test-method signature="checkIfResponseContainPhrase(java.lang.Object)[pri:2, instance:SearchTest@1ffaf86]" started-at="2019-12-15T17:58:03 CET" name="checkIfResponseContainPhrase" data-provider="getObjects" finished-at="2019-12-15T17:58:03 CET" duration-ms="0" status="PASS">
          <params>
            <param index="0">
              <value>
                <![CDATA[{id=5506, name=McArthur's Brew House, brewery_type=micro, street=2721 Front St, city=Cuyahoga Falls, state=Ohio, postal_code=44221-1904, country=United States, longitude=-81.4723705789474, latitude=41.1461834736842, phone=3308054600, website_url=http://www.mcarthursbrewhouse.com, updated_at=2018-08-24T15:44:28.115Z, tag_list=[]}]]>
              </value>
            </param>
          </params>
          <reporter-output>
          </reporter-output>
        </test-method> <!-- checkIfResponseContainPhrase -->
        <test-method signature="checkIfResponseContainPhrase(java.lang.Object)[pri:2, instance:SearchTest@1ffaf86]" started-at="2019-12-15T17:58:03 CET" name="checkIfResponseContainPhrase" data-provider="getObjects" finished-at="2019-12-15T17:58:03 CET" duration-ms="1" status="PASS">
          <params>
            <param index="0">
              <value>
                <![CDATA[{id=5513, name=Moerlein Lager House, brewery_type=brewpub, street=115 Joe Nuxhall Way, city=Cincinnati, state=Ohio, postal_code=45202-4143, country=United States, longitude=-84.5087167704914, latitude=39.09630095, phone=5134212337, website_url=http://www.moerleinlagerhouse.com, updated_at=2018-08-24T15:44:30.805Z, tag_list=[]}]]>
              </value>
            </param>
          </params>
          <reporter-output>
          </reporter-output>
        </test-method> <!-- checkIfResponseContainPhrase -->
        <test-method signature="checkIfResponseContainPhrase(java.lang.Object)[pri:2, instance:SearchTest@1ffaf86]" started-at="2019-12-15T17:58:03 CET" name="checkIfResponseContainPhrase" data-provider="getObjects" finished-at="2019-12-15T17:58:03 CET" duration-ms="0" status="PASS">
          <params>
            <param index="0">
              <value>
                <![CDATA[{id=5553, name=Pretentious Barrel House, brewery_type=micro, street=745 Taylor Ave, city=Columbus, state=Ohio, postal_code=43219-2526, country=United States, longitude=-82.960769, latitude=39.981855, phone=6148877687, website_url=http://www.pretentiousbarrelhouse.com, updated_at=2018-08-24T15:44:45.806Z, tag_list=[]}]]>
              </value>
            </param>
          </params>
          <reporter-output>
          </reporter-output>
        </test-method> <!-- checkIfResponseContainPhrase -->
        <test-method signature="checkIfResponseContainPhrase(java.lang.Object)[pri:2, instance:SearchTest@1ffaf86]" started-at="2019-12-15T17:58:03 CET" name="checkIfResponseContainPhrase" data-provider="getObjects" finished-at="2019-12-15T17:58:03 CET" duration-ms="0" status="PASS">
          <params>
            <param index="0">
              <value>
                <![CDATA[{id=5598, name=Taft's Ale House, brewery_type=micro, street=1429 Race St, city=Cincinnati, state=Ohio, postal_code=45202-7009, country=United States, longitude=-84.51750995, latitude=39.111325, phone=, website_url=, updated_at=2018-08-24T15:45:03.186Z, tag_list=[]}]]>
              </value>
            </param>
          </params>
          <reporter-output>
          </reporter-output>
        </test-method> <!-- checkIfResponseContainPhrase -->
        <test-method signature="checkIfResponseContainPhrase(java.lang.Object)[pri:2, instance:SearchTest@1ffaf86]" started-at="2019-12-15T17:58:03 CET" name="checkIfResponseContainPhrase" data-provider="getObjects" finished-at="2019-12-15T17:58:03 CET" duration-ms="1" status="PASS">
          <params>
            <param index="0">
              <value>
                <![CDATA[{id=6197, name=McKenzie Brew House, brewery_type=brewpub, street=451 Wilmington Pike - W Chester Pike, city=Glen Mills, state=Pennsylvania, postal_code=19342-1249, country=United States, longitude=null, latitude=null, phone=6103619800, website_url=http://www.mckenziebrewhouse.com, updated_at=2018-08-11T21:39:28.867Z, tag_list=[]}]]>
              </value>
            </param>
          </params>
          <reporter-output>
          </reporter-output>
        </test-method> <!-- checkIfResponseContainPhrase -->
        <test-method signature="checkIfResponseContainPhrase(java.lang.Object)[pri:2, instance:SearchTest@1ffaf86]" started-at="2019-12-15T17:58:03 CET" name="checkIfResponseContainPhrase" data-provider="getObjects" finished-at="2019-12-15T17:58:03 CET" duration-ms="0" status="PASS">
          <params>
            <param index="0">
              <value>
                <![CDATA[{id=6246, name=Rivertowne Pour House, brewery_type=micro, street=312 Center Rd, city=Monroeville, state=Pennsylvania, postal_code=15146-1322, country=United States, longitude=-79.7638979257406, latitude=40.4474573147353, phone=4123728199, website_url=http://www.myrivertowne.com, updated_at=2018-08-24T16:11:25.204Z, tag_list=[]}]]>
              </value>
            </param>
          </params>
          <reporter-output>
          </reporter-output>
        </test-method> <!-- checkIfResponseContainPhrase -->
        <test-method signature="checkIfResponseContainPhrase(java.lang.Object)[pri:2, instance:SearchTest@1ffaf86]" started-at="2019-12-15T17:58:03 CET" name="checkIfResponseContainPhrase" data-provider="getObjects" finished-at="2019-12-15T17:58:03 CET" duration-ms="1" status="PASS">
          <params>
            <param index="0">
              <value>
                <![CDATA[{id=6282, name=Spring House Brewery, brewery_type=micro, street=209 Hazel St, city=Lancaster, state=Pennsylvania, postal_code=17603-5629, country=United States, longitude=-76.3071090416667, latitude=40.029367375, phone=7178720925, website_url=http://www.springhousebeer.com, updated_at=2018-08-24T15:49:13.355Z, tag_list=[]}]]>
              </value>
            </param>
          </params>
          <reporter-output>
          </reporter-output>
        </test-method> <!-- checkIfResponseContainPhrase -->
        <test-method signature="checkIfResponseContainPhrase(java.lang.Object)[pri:2, instance:SearchTest@1ffaf86]" started-at="2019-12-15T17:58:03 CET" name="checkIfResponseContainPhrase" data-provider="getObjects" finished-at="2019-12-15T17:58:03 CET" duration-ms="0" status="PASS">
          <params>
            <param index="0">
              <value>
                <![CDATA[{id=7193, name=House 6 Brewing, brewery_type=planning, street=, city=Ashburn, state=Virginia, postal_code=20147, country=United States, longitude=null, latitude=null, phone=5855205710, website_url=http://www.house6brewing.com, updated_at=2018-08-11T21:40:06.118Z, tag_list=[]}]]>
              </value>
            </param>
          </params>
          <reporter-output>
          </reporter-output>
        </test-method> <!-- checkIfResponseContainPhrase -->
        <test-method signature="checkIfResponseContainPhrase(java.lang.Object)[pri:2, instance:SearchTest@1ffaf86]" started-at="2019-12-15T17:58:03 CET" name="checkIfResponseContainPhrase" data-provider="getObjects" finished-at="2019-12-15T17:58:03 CET" duration-ms="1" status="PASS">
          <params>
            <param index="0">
              <value>
                <![CDATA[{id=7241, name=Pleasure House Brewing, brewery_type=micro, street=3025 Shore Dr, city=Virginia Beach, state=Virginia, postal_code=23451-1247, country=United States, longitude=-76.079164, latitude=36.909938, phone=7574960916, website_url=http://www.pleasurehousebrewing.com, updated_at=2018-08-24T16:30:06.951Z, tag_list=[]}]]>
              </value>
            </param>
          </params>
          <reporter-output>
          </reporter-output>
        </test-method> <!-- checkIfResponseContainPhrase -->
        <test-method signature="checkIfResponseContainPhrase(java.lang.Object)[pri:2, instance:SearchTest@1ffaf86]" started-at="2019-12-15T17:58:03 CET" name="checkIfResponseContainPhrase" data-provider="getObjects" finished-at="2019-12-15T17:58:03 CET" duration-ms="0" status="PASS">
          <params>
            <param index="0">
              <value>
                <![CDATA[{id=7231, name=Old House Vineyards, brewery_type=micro, street=18351 Corkys Ln, city=Culpeper, state=Virginia, postal_code=22701, country=United States, longitude=null, latitude=null, phone=5404231032, website_url=http://www.oldhousevineyards.com, updated_at=2018-08-11T21:40:07.506Z, tag_list=[]}]]>
              </value>
            </param>
          </params>
          <reporter-output>
          </reporter-output>
        </test-method> <!-- checkIfResponseContainPhrase -->
        <test-method signature="checkIfResponseContainPhrase(java.lang.Object)[pri:2, instance:SearchTest@1ffaf86]" started-at="2019-12-15T17:58:03 CET" name="checkIfResponseContainPhrase" data-provider="getObjects" finished-at="2019-12-15T17:58:03 CET" duration-ms="0" status="PASS">
          <params>
            <param index="0">
              <value>
                <![CDATA[{id=7355, name=Beardslee Public House, brewery_type=brewpub, street=19116 Beardslee Blvd Ste 201, city=Bothell, state=Washington, postal_code=98011-0202, country=United States, longitude=-122.1914046, latitude=47.7663209, phone=, website_url=, updated_at=2018-08-24T16:32:41.631Z, tag_list=[]}]]>
              </value>
            </param>
          </params>
          <reporter-output>
          </reporter-output>
        </test-method> <!-- checkIfResponseContainPhrase -->
        <test-method signature="checkIfResponseContainPhrase(java.lang.Object)[pri:2, instance:SearchTest@1ffaf86]" started-at="2019-12-15T17:58:03 CET" name="checkIfResponseContainPhrase" data-provider="getObjects" finished-at="2019-12-15T17:58:03 CET" duration-ms="0" status="PASS">
          <params>
            <param index="0">
              <value>
                <![CDATA[{id=7544, name=Machine House Brewery, brewery_type=micro, street=5840 Airport Way S Ste 121, city=Seattle, state=Washington, postal_code=98108-2751, country=United States, longitude=-122.3171301, latitude=47.5502618, phone=2064026025, website_url=http://MachineHousebrewery.com, updated_at=2018-08-24T16:36:33.511Z, tag_list=[]}]]>
              </value>
            </param>
          </params>
          <reporter-output>
          </reporter-output>
        </test-method> <!-- checkIfResponseContainPhrase -->
        <test-method signature="checkIfResponseContainPhrase(java.lang.Object)[pri:2, instance:SearchTest@1ffaf86]" started-at="2019-12-15T17:58:03 CET" name="checkIfResponseContainPhrase" data-provider="getObjects" finished-at="2019-12-15T17:58:03 CET" duration-ms="0" status="PASS">
          <params>
            <param index="0">
              <value>
                <![CDATA[{id=7722, name=Valley House Brewing, brewery_type=brewpub, street=16111 Main St NE, city=Duvall, state=Washington, postal_code=98019-8490, country=United States, longitude=-121.985884591837, latitude=47.7431528571429, phone=4253186363, website_url=http://www.valleyhousebrewing.com, updated_at=2018-08-24T16:40:30.809Z, tag_list=[]}]]>
              </value>
            </param>
          </params>
          <reporter-output>
          </reporter-output>
        </test-method> <!-- checkIfResponseContainPhrase -->
        <test-method signature="checkIfResponseContainPhrase(java.lang.Object)[pri:2, instance:SearchTest@1ffaf86]" started-at="2019-12-15T17:58:03 CET" name="checkIfResponseContainPhrase" data-provider="getObjects" finished-at="2019-12-15T17:58:03 CET" duration-ms="0" status="PASS">
          <params>
            <param index="0">
              <value>
                <![CDATA[{id=7888, name=McFleshman's Public House, brewery_type=planning, street=, city=Appleton, state=Wisconsin, postal_code=54911-5840, country=United States, longitude=null, latitude=null, phone=4056270167, website_url=http://www.mcfleshmans.com, updated_at=2018-08-11T21:40:34.272Z, tag_list=[]}]]>
              </value>
            </param>
          </params>
          <reporter-output>
          </reporter-output>
        </test-method> <!-- checkIfResponseContainPhrase -->
        <test-method signature="checkIfResponseContainPhrase(java.lang.Object)[pri:2, instance:SearchTest@1ffaf86]" started-at="2019-12-15T17:58:03 CET" name="checkIfResponseContainPhrase" data-provider="getObjects" finished-at="2019-12-15T17:58:03 CET" duration-ms="0" status="PASS">
          <params>
            <param index="0">
              <value>
                <![CDATA[{id=7869, name=House of Brews, brewery_type=micro, street=4539 Helgesen Dr, city=Madison, state=Wisconsin, postal_code=53718-6747, country=United States, longitude=-89.305331202224, latitude=43.0662949, phone=6083477243, website_url=, updated_at=2018-08-24T16:43:39.758Z, tag_list=[]}]]>
              </value>
            </param>
          </params>
          <reporter-output>
          </reporter-output>
        </test-method> <!-- checkIfResponseContainPhrase -->
        <test-method signature="checkIfResponseContainPhrase(java.lang.Object)[pri:2, instance:SearchTest@1ffaf86]" started-at="2019-12-15T17:58:03 CET" name="checkIfResponseContainPhrase" data-provider="getObjects" finished-at="2019-12-15T17:58:03 CET" duration-ms="0" status="FAIL">
          <params>
            <param index="0">
              <value>
                <![CDATA[{id=4391, name=Bucket Brigade Brewery, brewery_type=micro, street=205 N Main St, city=Cape May Court House, state=New Jersey, postal_code=08210-2121, country=United States, longitude=-74.8194635306123, latitude=39.086856, phone=6097782641, website_url=http://www.bucketbrigadebrewery.com, updated_at=2018-08-24T15:36:35.302Z, tag_list=[]}]]>
              </value>
            </param>
          </params>
          <exception class="java.lang.AssertionError">
            <message>
              <![CDATA[
Expected: is <true>
     but: was <false>]]>
            </message>
            <full-stacktrace>
              <![CDATA[java.lang.AssertionError: 
Expected: is <true>
     but: was <false>
at org.hamcrest.MatcherAssert.assertThat(MatcherAssert.java:18)
at org.hamcrest.MatcherAssert.assertThat(MatcherAssert.java:6)
at SearchTest.checkIfResponseContainPhrase(SearchTest.java:24)
at jdk.internal.reflect.GeneratedMethodAccessor11.invoke(Unknown Source)
at java.base/jdk.internal.reflect.DelegatingMethodAccessorImpl.invoke(DelegatingMethodAccessorImpl.java:43)
at java.base/java.lang.reflect.Method.invoke(Method.java:566)
at org.testng.internal.MethodInvocationHelper.invokeMethod(MethodInvocationHelper.java:133)
at org.testng.internal.TestInvoker.invokeMethod(TestInvoker.java:584)
at org.testng.internal.TestInvoker.invokeTestMethod(TestInvoker.java:172)
at org.testng.internal.MethodRunner.runInSequence(MethodRunner.java:46)
at org.testng.internal.TestInvoker$MethodInvocationAgent.invoke(TestInvoker.java:804)
at org.testng.internal.TestInvoker.invokeTestMethods(TestInvoker.java:145)
at org.testng.internal.TestMethodWorker.invokeTestMethods(TestMethodWorker.java:146)
at org.testng.internal.TestMethodWorker.run(TestMethodWorker.java:128)
at java.base/java.util.ArrayList.forEach(ArrayList.java:1540)
at org.testng.TestRunner.privateRun(TestRunner.java:770)
at org.testng.TestRunner.run(TestRunner.java:591)
at org.testng.SuiteRunner.runTest(SuiteRunner.java:402)
at org.testng.SuiteRunner.runSequentially(SuiteRunner.java:396)
at org.testng.SuiteRunner.privateRun(SuiteRunner.java:355)
at org.testng.SuiteRunner.run(SuiteRunner.java:304)
at org.testng.SuiteRunnerWorker.runSuite(SuiteRunnerWorker.java:53)
at org.testng.SuiteRunnerWorker.run(SuiteRunnerWorker.java:96)
at org.testng.TestNG.runSuitesSequentially(TestNG.java:1180)
at org.testng.TestNG.runSuitesLocally(TestNG.java:1102)
at org.testng.TestNG.runSuites(TestNG.java:1032)
at org.testng.TestNG.run(TestNG.java:1000)
at org.apache.maven.surefire.testng.TestNGExecutor.run(TestNGExecutor.java:283)
at org.apache.maven.surefire.testng.TestNGXmlTestSuite.execute(TestNGXmlTestSuite.java:75)
at org.apache.maven.surefire.testng.TestNGProvider.invoke(TestNGProvider.java:120)
at org.apache.maven.surefire.booter.ForkedBooter.invokeProviderInSameClassLoader(ForkedBooter.java:384)
at org.apache.maven.surefire.booter.ForkedBooter.runSuitesInProcess(ForkedBooter.java:345)
at org.apache.maven.surefire.booter.ForkedBooter.execute(ForkedBooter.java:126)
at org.apache.maven.surefire.booter.ForkedBooter.main(ForkedBooter.java:418)
]]>
            </full-stacktrace>
          </exception> <!-- java.lang.AssertionError -->
          <reporter-output>
          </reporter-output>
        </test-method> <!-- checkIfResponseContainPhrase -->
        <test-method signature="checkIfResponseContainPhrase(java.lang.Object)[pri:2, instance:SearchTest@1ffaf86]" started-at="2019-12-15T17:58:03 CET" name="checkIfResponseContainPhrase" data-provider="getObjects" finished-at="2019-12-15T17:58:03 CET" duration-ms="1" status="FAIL">
          <params>
            <param index="0">
              <value>
                <![CDATA[{id=4463, name=Slack Tide Brewing Company, brewery_type=micro, street=1072 Route 83 Unit 3, city=Cape May Court House, state=New Jersey, postal_code=08210-1200, country=United States, longitude=null, latitude=null, phone=6094782343, website_url=http://www.slacktidebrewingco.com, updated_at=2018-08-11T21:38:25.114Z, tag_list=[]}]]>
              </value>
            </param>
          </params>
          <exception class="java.lang.AssertionError">
            <message>
              <![CDATA[
Expected: is <true>
     but: was <false>]]>
            </message>
            <full-stacktrace>
              <![CDATA[java.lang.AssertionError: 
Expected: is <true>
     but: was <false>
at org.hamcrest.MatcherAssert.assertThat(MatcherAssert.java:18)
at org.hamcrest.MatcherAssert.assertThat(MatcherAssert.java:6)
at SearchTest.checkIfResponseContainPhrase(SearchTest.java:24)
at jdk.internal.reflect.GeneratedMethodAccessor11.invoke(Unknown Source)
at java.base/jdk.internal.reflect.DelegatingMethodAccessorImpl.invoke(DelegatingMethodAccessorImpl.java:43)
at java.base/java.lang.reflect.Method.invoke(Method.java:566)
at org.testng.internal.MethodInvocationHelper.invokeMethod(MethodInvocationHelper.java:133)
at org.testng.internal.TestInvoker.invokeMethod(TestInvoker.java:584)
at org.testng.internal.TestInvoker.invokeTestMethod(TestInvoker.java:172)
at org.testng.internal.MethodRunner.runInSequence(MethodRunner.java:46)
at org.testng.internal.TestInvoker$MethodInvocationAgent.invoke(TestInvoker.java:804)
at org.testng.internal.TestInvoker.invokeTestMethods(TestInvoker.java:145)
at org.testng.internal.TestMethodWorker.invokeTestMethods(TestMethodWorker.java:146)
at org.testng.internal.TestMethodWorker.run(TestMethodWorker.java:128)
at java.base/java.util.ArrayList.forEach(ArrayList.java:1540)
at org.testng.TestRunner.privateRun(TestRunner.java:770)
at org.testng.TestRunner.run(TestRunner.java:591)
at org.testng.SuiteRunner.runTest(SuiteRunner.java:402)
at org.testng.SuiteRunner.runSequentially(SuiteRunner.java:396)
at org.testng.SuiteRunner.privateRun(SuiteRunner.java:355)
at org.testng.SuiteRunner.run(SuiteRunner.java:304)
at org.testng.SuiteRunnerWorker.runSuite(SuiteRunnerWorker.java:53)
at org.testng.SuiteRunnerWorker.run(SuiteRunnerWorker.java:96)
at org.testng.TestNG.runSuitesSequentially(TestNG.java:1180)
at org.testng.TestNG.runSuitesLocally(TestNG.java:1102)
at org.testng.TestNG.runSuites(TestNG.java:1032)
at org.testng.TestNG.run(TestNG.java:1000)
at org.apache.maven.surefire.testng.TestNGExecutor.run(TestNGExecutor.java:283)
at org.apache.maven.surefire.testng.TestNGXmlTestSuite.execute(TestNGXmlTestSuite.java:75)
at org.apache.maven.surefire.testng.TestNGProvider.invoke(TestNGProvider.java:120)
at org.apache.maven.surefire.booter.ForkedBooter.invokeProviderInSameClassLoader(ForkedBooter.java:384)
at org.apache.maven.surefire.booter.ForkedBooter.runSuitesInProcess(ForkedBooter.java:345)
at org.apache.maven.surefire.booter.ForkedBooter.execute(ForkedBooter.java:126)
at org.apache.maven.surefire.booter.ForkedBooter.main(ForkedBooter.java:418)
]]>
            </full-stacktrace>
          </exception> <!-- java.lang.AssertionError -->
          <reporter-output>
          </reporter-output>
        </test-method> <!-- checkIfResponseContainPhrase -->
        <test-method signature="checkIfResponseContainPhrase(java.lang.Object)[pri:2, instance:SearchTest@1ffaf86]" started-at="2019-12-15T17:58:03 CET" name="checkIfResponseContainPhrase" data-provider="getObjects" finished-at="2019-12-15T17:58:03 CET" duration-ms="1" status="PASS">
          <params>
            <param index="0">
              <value>
                <![CDATA[{id=219, name=Wren House Brewing Company, brewery_type=micro, street=2125 N 24th St, city=Phoenix, state=Arizona, postal_code=85008-2713, country=United States, longitude=-112.0301125, latitude=33.516633, phone=6022449184, website_url=http://www.wrenhousebrewing.com, updated_at=2018-08-23T23:22:59.255Z, tag_list=[]}]]>
              </value>
            </param>
          </params>
          <reporter-output>
          </reporter-output>
        </test-method> <!-- checkIfResponseContainPhrase -->
        <test-method signature="checkIfResponseContainPhrase(java.lang.Object)[pri:2, instance:SearchTest@1ffaf86]" started-at="2019-12-15T17:58:03 CET" name="checkIfResponseContainPhrase" data-provider="getObjects" finished-at="2019-12-15T17:58:03 CET" duration-ms="0" status="PASS">
          <params>
            <param index="0">
              <value>
                <![CDATA[{id=112, name=Button Brew House, LLC, brewery_type=micro, street=6800 N Camino Martin Ste 160, city=Tucson, state=Arizona, postal_code=85741-2395, country=United States, longitude=null, latitude=null, phone=5202688543, website_url=http://www.button.beer, updated_at=2018-08-11T21:35:46.951Z, tag_list=[]}]]>
              </value>
            </param>
          </params>
          <reporter-output>
          </reporter-output>
        </test-method> <!-- checkIfResponseContainPhrase -->
        <test-method signature="checkIfResponseContainPhrase(java.lang.Object)[pri:2, instance:SearchTest@1ffaf86]" started-at="2019-12-15T17:58:03 CET" name="checkIfResponseContainPhrase" data-provider="getObjects" finished-at="2019-12-15T17:58:03 CET" duration-ms="0" status="PASS">
          <params>
            <param index="0">
              <value>
                <![CDATA[{id=464, name=Catalina Island Brew House, brewery_type=micro, street=417 Crescent Ave, city=Avalon, state=California, postal_code=90704, country=United States, longitude=-118.3256345, latitude=33.3434987, phone=3105906905, website_url=http://www.catalinaislandbrewhouse.com, updated_at=2018-08-23T23:26:31.335Z, tag_list=[]}]]>
              </value>
            </param>
          </params>
          <reporter-output>
          </reporter-output>
        </test-method> <!-- checkIfResponseContainPhrase -->
        <test-method signature="checkIfResponseContainPhrase(java.lang.Object)[pri:2, instance:SearchTest@1ffaf86]" started-at="2019-12-15T17:58:03 CET" name="checkIfResponseContainPhrase" data-provider="getObjects" finished-at="2019-12-15T17:58:03 CET" duration-ms="0" status="PASS">
          <params>
            <param index="0">
              <value>
                <![CDATA[{id=294, name=Ale House Brewing Co, brewery_type=micro, street=, city=San Jose, state=California, postal_code=95118-1605, country=United States, longitude=-121.8905833, latitude=37.3361905, phone=4083907574, website_url=, updated_at=2018-08-23T23:24:07.379Z, tag_list=[]}]]>
              </value>
            </param>
          </params>
          <reporter-output>
          </reporter-output>
        </test-method> <!-- checkIfResponseContainPhrase -->
        <test-method signature="checkIfResponseContainPhrase(java.lang.Object)[pri:2, instance:SearchTest@1ffaf86]" started-at="2019-12-15T17:58:03 CET" name="checkIfResponseContainPhrase" data-provider="getObjects" finished-at="2019-12-15T17:58:03 CET" duration-ms="0" status="PASS">
          <params>
            <param index="0">
              <value>
                <![CDATA[{id=790, name=Lost Coast Brew House, brewery_type=brewpub, street=1600 Sunset Dr, city=Eureka, state=California, postal_code=95503-2401, country=United States, longitude=null, latitude=null, phone=7074454484, website_url=http://www.lostcoast.com, updated_at=2018-08-11T21:36:12.261Z, tag_list=[]}]]>
              </value>
            </param>
          </params>
          <reporter-output>
          </reporter-output>
        </test-method> <!-- checkIfResponseContainPhrase -->
        <test-method signature="checkIfResponseContainPhrase(java.lang.Object)[pri:2, instance:SearchTest@1ffaf86]" started-at="2019-12-15T17:58:03 CET" name="checkIfResponseContainPhrase" data-provider="getObjects" finished-at="2019-12-15T17:58:03 CET" duration-ms="1" status="PASS">
          <params>
            <param index="0">
              <value>
                <![CDATA[{id=891, name=Pacific Beach Ale House, brewery_type=brewpub, street=721 Grand Ave, city=San Diego, state=California, postal_code=92109-3905, country=United States, longitude=-117.255265, latitude=32.794255, phone=8585812337, website_url=http://www.pbalehouse.com, updated_at=2018-08-24T00:00:37.852Z, tag_list=[]}]]>
              </value>
            </param>
          </params>
          <reporter-output>
          </reporter-output>
        </test-method> <!-- checkIfResponseContainPhrase -->
        <test-method signature="checkIfResponseContainPhrase(java.lang.Object)[pri:2, instance:SearchTest@1ffaf86]" started-at="2019-12-15T17:58:03 CET" name="checkIfResponseContainPhrase" data-provider="getObjects" finished-at="2019-12-15T17:58:03 CET" duration-ms="0" status="PASS">
          <params>
            <param index="0">
              <value>
                <![CDATA[{id=821, name=Modern Times Barrel House, brewery_type=micro, street=3486 Kurtz St # 102, city=San Diego, state=California, postal_code=92110-4429, country=United States, longitude=-117.208724993243, latitude=32.7553932482817, phone=, website_url=, updated_at=2018-08-23T23:59:37.612Z, tag_list=[]}]]>
              </value>
            </param>
          </params>
          <reporter-output>
          </reporter-output>
        </test-method> <!-- checkIfResponseContainPhrase -->
        <test-method signature="checkIfResponseContainPhrase(java.lang.Object)[pri:2, instance:SearchTest@1ffaf86]" started-at="2019-12-15T17:58:03 CET" name="checkIfResponseContainPhrase" data-provider="getObjects" finished-at="2019-12-15T17:58:03 CET" duration-ms="0" status="PASS">
          <params>
            <param index="0">
              <value>
                <![CDATA[{id=1004, name=Shady Oak Barrel House, brewery_type=micro, street=420 1st St, city=Santa Rosa, state=California, postal_code=95401-6339, country=United States, longitude=-122.715472553127, latitude=38.4370939574769, phone=7075958958, website_url=http://shadyoakbarrelhouse.com, updated_at=2018-08-24T00:02:23.983Z, tag_list=[]}]]>
              </value>
            </param>
          </params>
          <reporter-output>
          </reporter-output>
        </test-method> <!-- checkIfResponseContainPhrase -->
        <test-method signature="checkIfResponseContainPhrase(java.lang.Object)[pri:2, instance:SearchTest@1ffaf86]" started-at="2019-12-15T17:58:03 CET" name="checkIfResponseContainPhrase" data-provider="getObjects" finished-at="2019-12-15T17:58:03 CET" duration-ms="6" status="PASS">
          <params>
            <param index="0">
              <value>
                <![CDATA[{id=1698, name=Little House Brewing Company, brewery_type=planning, street=, city=Chester, state=Connecticut, postal_code=06412-1342, country=United States, longitude=null, latitude=null, phone=6128105315, website_url=http://www.littlehousebrewing.com, updated_at=2018-08-11T21:36:46.951Z, tag_list=[]}]]>
              </value>
            </param>
          </params>
          <reporter-output>
          </reporter-output>
        </test-method> <!-- checkIfResponseContainPhrase -->
        <test-method signature="checkIfResponseContainPhrase(java.lang.Object)[pri:2, instance:SearchTest@1ffaf86]" started-at="2019-12-15T17:58:03 CET" name="checkIfResponseContainPhrase" data-provider="getObjects" finished-at="2019-12-15T17:58:03 CET" duration-ms="1" status="PASS">
          <params>
            <param index="0">
              <value>
                <![CDATA[{id=3104, name=Brew House No 16, brewery_type=brewpub, street=831 N Calvert St, city=Baltimore, state=Maryland, postal_code=21202-3705, country=United States, longitude=-76.6127119165296, latitude=39.29963095, phone=4106594084, website_url=http://www.brewhouseno16.com, updated_at=2018-08-24T00:40:20.888Z, tag_list=[]}]]>
              </value>
            </param>
          </params>
          <reporter-output>
          </reporter-output>
        </test-method> <!-- checkIfResponseContainPhrase -->
        <test-method signature="checkIfResponseContainPhrase(java.lang.Object)[pri:2, instance:SearchTest@1ffaf86]" started-at="2019-12-15T17:58:03 CET" name="checkIfResponseContainPhrase" data-provider="getObjects" finished-at="2019-12-15T17:58:03 CET" duration-ms="0" status="PASS">
          <params>
            <param index="0">
              <value>
                <![CDATA[{id=2078, name=The Mack House Brewpub, brewery_type=brewpub, street=9118 W State Road 84, city=Davie, state=Florida, postal_code=33324-4416, country=United States, longitude=null, latitude=null, phone=9544745040, website_url=http://www.themackhouse.com, updated_at=2018-08-11T21:36:59.416Z, tag_list=[]}]]>
              </value>
            </param>
          </params>
          <reporter-output>
          </reporter-output>
        </test-method> <!-- checkIfResponseContainPhrase -->
        <test-method signature="checkIfResponseContainPhrase(java.lang.Object)[pri:2, instance:SearchTest@1ffaf86]" started-at="2019-12-15T17:58:03 CET" name="checkIfResponseContainPhrase" data-provider="getObjects" finished-at="2019-12-15T17:58:03 CET" duration-ms="0" status="PASS">
          <params>
            <param index="0">
              <value>
                <![CDATA[{id=3153, name=House Cat Brewing Company, brewery_type=planning, street=, city=Frederick, state=Maryland, postal_code=21704, country=United States, longitude=null, latitude=null, phone=3016050733, website_url=, updated_at=2018-08-11T21:37:36.549Z, tag_list=[]}]]>
              </value>
            </param>
          </params>
          <reporter-output>
          </reporter-output>
        </test-method> <!-- checkIfResponseContainPhrase -->
        <test-method signature="checkIfResponseContainPhrase(java.lang.Object)[pri:2, instance:SearchTest@1ffaf86]" started-at="2019-12-15T17:58:03 CET" name="checkIfResponseContainPhrase" data-provider="getObjects" finished-at="2019-12-15T17:58:03 CET" duration-ms="0" status="PASS">
          <params>
            <param index="0">
              <value>
                <![CDATA[{id=3161, name=Market Street Public House, brewery_type=brewpub, street=200 Market St, city=Denton, state=Maryland, postal_code=21629-1037, country=United States, longitude=-75.831804, latitude=38.886037, phone=4104794720, website_url=http://www.marketstreet.pub, updated_at=2018-08-24T00:40:38.324Z, tag_list=[]}]]>
              </value>
            </param>
          </params>
          <reporter-output>
          </reporter-output>
        </test-method> <!-- checkIfResponseContainPhrase -->
        <test-method signature="checkIfResponseContainPhrase(java.lang.Object)[pri:2, instance:SearchTest@1ffaf86]" started-at="2019-12-15T17:58:03 CET" name="checkIfResponseContainPhrase" data-provider="getObjects" finished-at="2019-12-15T17:58:03 CET" duration-ms="1" status="PASS">
          <params>
            <param index="0">
              <value>
                <![CDATA[{id=4056, name=Public House Brewing Co, brewery_type=micro, street=551 State Route B, city=Saint James, state=Missouri, postal_code=65559-1055, country=United States, longitude=null, latitude=null, phone=5732613333, website_url=http://www.publichousebrewery.com, updated_at=2018-08-11T21:38:08.953Z, tag_list=[]}]]>
              </value>
            </param>
          </params>
          <reporter-output>
          </reporter-output>
        </test-method> <!-- checkIfResponseContainPhrase -->
        <test-method signature="checkIfResponseContainPhrase(java.lang.Object)[pri:2, instance:SearchTest@1ffaf86]" started-at="2019-12-15T17:58:03 CET" name="checkIfResponseContainPhrase" data-provider="getObjects" finished-at="2019-12-15T17:58:03 CET" duration-ms="0" status="PASS">
          <params>
            <param index="0">
              <value>
                <![CDATA[{id=3175, name=Pratt Street Ale House, brewery_type=brewpub, street=206 W Pratt St, city=Baltimore, state=Maryland, postal_code=21201-2426, country=United States, longitude=-76.6181543559366, latitude=39.28659055, phone=4102448900, website_url=http://www.oliverales.com, updated_at=2018-08-24T00:40:43.550Z, tag_list=[]}]]>
              </value>
            </param>
          </params>
          <reporter-output>
          </reporter-output>
        </test-method> <!-- checkIfResponseContainPhrase -->
        <test-method signature="checkIfResponseContainPhrase(java.lang.Object)[pri:2, instance:SearchTest@1ffaf86]" started-at="2019-12-15T17:58:03 CET" name="checkIfResponseContainPhrase" data-provider="getObjects" finished-at="2019-12-15T17:58:03 CET" duration-ms="0" status="PASS">
          <params>
            <param index="0">
              <value>
                <![CDATA[{id=4057, name=Public House Brewing Company, brewery_type=micro, street=600 N Rolla St Ste B, city=Rolla, state=Missouri, postal_code=65401-3111, country=United States, longitude=null, latitude=null, phone=5734262337, website_url=http://www.publichousebrewery.com, updated_at=2018-08-11T21:38:08.983Z, tag_list=[]}]]>
              </value>
            </param>
          </params>
          <reporter-output>
          </reporter-output>
        </test-method> <!-- checkIfResponseContainPhrase -->
        <test-method signature="checkIfResponseContainPhrase(java.lang.Object)[pri:2, instance:SearchTest@1ffaf86]" started-at="2019-12-15T17:58:03 CET" name="checkIfResponseContainPhrase" data-provider="getObjects" finished-at="2019-12-15T17:58:03 CET" duration-ms="1" status="PASS">
          <params>
            <param index="0">
              <value>
                <![CDATA[{id=4198, name=Fairfield Opera House Brewery, brewery_type=brewpub, street=415 N D St, city=Fairfield, state=Nebraska, postal_code=68938-2114, country=United States, longitude=-98.1058865714286, latitude=40.4306157142857, phone=4027262447, website_url=http://www.fairfieldoperahouse.com, updated_at=2018-08-24T00:47:37.367Z, tag_list=[]}]]>
              </value>
            </param>
          </params>
          <reporter-output>
          </reporter-output>
        </test-method> <!-- checkIfResponseContainPhrase -->
        <test-method signature="checkIfResponseContainPhrase(java.lang.Object)[pri:2, instance:SearchTest@1ffaf86]" started-at="2019-12-15T17:58:03 CET" name="checkIfResponseContainPhrase" data-provider="getObjects" finished-at="2019-12-15T17:58:03 CET" duration-ms="0" status="PASS">
          <params>
            <param index="0">
              <value>
                <![CDATA[{id=4141, name=Kettle House Brewing Co., brewery_type=regional, street=605 Coldsmoke Ave, city=Bonner, state=Montana, postal_code=59823-8504, country=United States, longitude=null, latitude=null, phone=4067281660, website_url=http://www.kettlehouse.com, updated_at=2018-08-11T21:38:12.197Z, tag_list=[]}]]>
              </value>
            </param>
          </params>
          <reporter-output>
          </reporter-output>
        </test-method> <!-- checkIfResponseContainPhrase -->
        <test-method signature="checkIfResponseContainPhrase(java.lang.Object)[pri:2, instance:SearchTest@1ffaf86]" started-at="2019-12-15T17:58:03 CET" name="checkIfResponseContainPhrase" data-provider="getObjects" finished-at="2019-12-15T17:58:03 CET" duration-ms="4" status="PASS">
          <params>
            <param index="0">
              <value>
                <![CDATA[{id=4341, name=Redhook - Cataqua Public House, brewery_type=regional, street=35 Corporate Dr, city=Portsmouth, state=New Hampshire, postal_code=03801-, country=United States, longitude=-70.8023326882494, latitude=43.0858295074873, phone=6034308600, website_url=http://www.redhook.com, updated_at=2018-08-24T15:36:15.823Z, tag_list=[]}]]>
              </value>
            </param>
          </params>
          <reporter-output>
          </reporter-output>
        </test-method> <!-- checkIfResponseContainPhrase -->
        <test-method signature="checkIfResponseContainPhrase(java.lang.Object)[pri:2, instance:SearchTest@1ffaf86]" started-at="2019-12-15T17:58:03 CET" name="checkIfResponseContainPhrase" data-provider="getObjects" finished-at="2019-12-15T17:58:03 CET" duration-ms="0" status="PASS">
          <params>
            <param index="0">
              <value>
                <![CDATA[{id=4199, name=Farnam House Brewing Company, brewery_type=brewpub, street=3558 Farnam St, city=Omaha, state=Nebraska, postal_code=68131-3304, country=United States, longitude=-95.9658017764832, latitude=41.2578153029739, phone=4024016086, website_url=http://www.farnamhousebrewing.com, updated_at=2018-08-24T00:47:37.853Z, tag_list=[]}]]>
              </value>
            </param>
          </params>
          <reporter-output>
          </reporter-output>
        </test-method> <!-- checkIfResponseContainPhrase -->
        <test-method signature="checkIfResponseContainPhrase(java.lang.Object)[pri:2, instance:SearchTest@1ffaf86]" started-at="2019-12-15T17:58:03 CET" name="checkIfResponseContainPhrase" data-provider="getObjects" finished-at="2019-12-15T17:58:03 CET" duration-ms="0" status="PASS">
          <params>
            <param index="0">
              <value>
                <![CDATA[{id=4454, name=Nale House Brewing Co, brewery_type=micro, street=32 N Main St, city=Medford, state=New Jersey, postal_code=08055-2412, country=United States, longitude=-74.8236212076653, latitude=39.900720148419, phone=6097607246, website_url=http://www.nalehousebrewing.com, updated_at=2018-08-24T15:37:01.561Z, tag_list=[]}]]>
              </value>
            </param>
          </params>
          <reporter-output>
          </reporter-output>
        </test-method> <!-- checkIfResponseContainPhrase -->
        <test-method signature="checkIfResponseContainPhrase(java.lang.Object)[pri:2, instance:SearchTest@1ffaf86]" started-at="2019-12-15T17:58:03 CET" name="checkIfResponseContainPhrase" data-provider="getObjects" finished-at="2019-12-15T17:58:03 CET" duration-ms="1" status="PASS">
          <params>
            <param index="0">
              <value>
                <![CDATA[{id=4826, name=Mill House Brewing Company, brewery_type=brewpub, street=289 Mill St, city=Poughkeepsie, state=New York, postal_code=12601-3111, country=United States, longitude=-73.926472, latitude=41.705077, phone=8452345573, website_url=http://www.millhousebrewing.com, updated_at=2018-08-24T15:39:44.682Z, tag_list=[]}]]>
              </value>
            </param>
          </params>
          <reporter-output>
          </reporter-output>
        </test-method> <!-- checkIfResponseContainPhrase -->
        <test-method signature="checkIfResponseContainPhrase(java.lang.Object)[pri:2, instance:SearchTest@1ffaf86]" started-at="2019-12-15T17:58:03 CET" name="checkIfResponseContainPhrase" data-provider="getObjects" finished-at="2019-12-15T17:58:03 CET" duration-ms="1" status="PASS">
          <params>
            <param index="0">
              <value>
                <![CDATA[{id=5221, name=Oyster House Brewing Co., brewery_type=brewpub, street=625 Haywood Rd, city=Asheville, state=North Carolina, postal_code=28806-3255, country=United States, longitude=null, latitude=null, phone=8285759370, website_url=http://www.oysterhousebeers.com, updated_at=2018-08-11T21:38:51.414Z, tag_list=[]}]]>
              </value>
            </param>
          </params>
[...]
          <reporter-output>
          </reporter-output>
        </test-method> <!-- checkIfResponseContainPhrase -->
        <test-method signature="checkIfResponseContainPhrase(java.lang.Object)[pri:2, instance:SearchTest@1ffaf86]" started-at="2019-12-15T17:58:03 CET" name="checkIfResponseContainPhrase" data-provider="getObjects" finished-at="2019-12-15T17:58:03 CET" duration-ms="0" status="FAIL">
          <params>
            <param index="0">
              <value>
                <![CDATA[{id=2380, name=Evil Horse Brewing Company, LLC, brewery_type=micro, street=1338 Main St, city=Crete, state=Illinois, postal_code=60417-2131, country=United States, longitude=-87.6314319988614, latitude=41.4449900272686, phone=7083042907, website_url=http://evilhorsebrewing.com, updated_at=2018-08-24T00:30:56.017Z, tag_list=[]}]]>
              </value>
            </param>
          </params>
          <exception class="java.lang.AssertionError">
            <message>
              <![CDATA[
Expected: is <true>
     but: was <false>]]>
            </message>
            <full-stacktrace>
              <![CDATA[java.lang.AssertionError: 
Expected: is <true>
     but: was <false>
at org.hamcrest.MatcherAssert.assertThat(MatcherAssert.java:18)
at org.hamcrest.MatcherAssert.assertThat(MatcherAssert.java:6)
at SearchTest.checkIfResponseContainPhrase(SearchTest.java:24)
at jdk.internal.reflect.GeneratedMethodAccessor11.invoke(Unknown Source)
at java.base/jdk.internal.reflect.DelegatingMethodAccessorImpl.invoke(DelegatingMethodAccessorImpl.java:43)
at java.base/java.lang.reflect.Method.invoke(Method.java:566)
at org.testng.internal.MethodInvocationHelper.invokeMethod(MethodInvocationHelper.java:133)
at org.testng.internal.TestInvoker.invokeMethod(TestInvoker.java:584)
at org.testng.internal.TestInvoker.invokeTestMethod(TestInvoker.java:172)
at org.testng.internal.MethodRunner.runInSequence(MethodRunner.java:46)
at org.testng.internal.TestInvoker$MethodInvocationAgent.invoke(TestInvoker.java:804)
at org.testng.internal.TestInvoker.invokeTestMethods(TestInvoker.java:145)
at org.testng.internal.TestMethodWorker.invokeTestMethods(TestMethodWorker.java:146)
at org.testng.internal.TestMethodWorker.run(TestMethodWorker.java:128)
at java.base/java.util.ArrayList.forEach(ArrayList.java:1540)
at org.testng.TestRunner.privateRun(TestRunner.java:770)
at org.testng.TestRunner.run(TestRunner.java:591)
at org.testng.SuiteRunner.runTest(SuiteRunner.java:402)
at org.testng.SuiteRunner.runSequentially(SuiteRunner.java:396)
at org.testng.SuiteRunner.privateRun(SuiteRunner.java:355)
at org.testng.SuiteRunner.run(SuiteRunner.java:304)
at org.testng.SuiteRunnerWorker.runSuite(SuiteRunnerWorker.java:53)
at org.testng.SuiteRunnerWorker.run(SuiteRunnerWorker.java:96)
at org.testng.TestNG.runSuitesSequentially(TestNG.java:1180)
at org.testng.TestNG.runSuitesLocally(TestNG.java:1102)
at org.testng.TestNG.runSuites(TestNG.java:1032)
at org.testng.TestNG.run(TestNG.java:1000)
at org.apache.maven.surefire.testng.TestNGExecutor.run(TestNGExecutor.java:283)
at org.apache.maven.surefire.testng.TestNGXmlTestSuite.execute(TestNGXmlTestSuite.java:75)
at org.apache.maven.surefire.testng.TestNGProvider.invoke(TestNGProvider.java:120)
at org.apache.maven.surefire.booter.ForkedBooter.invokeProviderInSameClassLoader(ForkedBooter.java:384)
at org.apache.maven.surefire.booter.ForkedBooter.runSuitesInProcess(ForkedBooter.java:345)
at org.apache.maven.surefire.booter.ForkedBooter.execute(ForkedBooter.java:126)
at org.apache.maven.surefire.booter.ForkedBooter.main(ForkedBooter.java:418)
]]>
            </full-stacktrace>
          </exception> <!-- java.lang.AssertionError -->
          <reporter-output>
          </reporter-output>
        </test-method> <!-- checkIfResponseContainPhrase -->
        <test-method signature="checkIfResponseContainPhrase(java.lang.Object)[pri:2, instance:SearchTest@1ffaf86]" started-at="2019-12-15T17:58:03 CET" name="checkIfResponseContainPhrase" data-provider="getObjects" finished-at="2019-12-15T17:58:03 CET" duration-ms="1" status="FAIL">
          <params>
            <param index="0">
              <value>
                <![CDATA[{id=5418, name=Elevator Brewery and Draught Haus, brewery_type=brewpub, street=161 N High St, city=Columbus, state=Ohio, postal_code=43215-2402, country=United States, longitude=-83.0017892, latitude=39.9656697, phone=6142280500, website_url=http://www.elevatorbrewing.com, updated_at=2018-08-24T15:43:48.045Z, tag_list=[]}]]>
              </value>
            </param>
          </params>
          <exception class="java.lang.AssertionError">
            <message>
              <![CDATA[
Expected: is <true>
     but: was <false>]]>
            </message>
            <full-stacktrace>
              <![CDATA[java.lang.AssertionError: 
Expected: is <true>
     but: was <false>
at org.hamcrest.MatcherAssert.assertThat(MatcherAssert.java:18)
at org.hamcrest.MatcherAssert.assertThat(MatcherAssert.java:6)
at SearchTest.checkIfResponseContainPhrase(SearchTest.java:24)
at jdk.internal.reflect.GeneratedMethodAccessor11.invoke(Unknown Source)
at java.base/jdk.internal.reflect.DelegatingMethodAccessorImpl.invoke(DelegatingMethodAccessorImpl.java:43)
at java.base/java.lang.reflect.Method.invoke(Method.java:566)
at org.testng.internal.MethodInvocationHelper.invokeMethod(MethodInvocationHelper.java:133)
at org.testng.internal.TestInvoker.invokeMethod(TestInvoker.java:584)
at org.testng.internal.TestInvoker.invokeTestMethod(TestInvoker.java:172)
at org.testng.internal.MethodRunner.runInSequence(MethodRunner.java:46)
at org.testng.internal.TestInvoker$MethodInvocationAgent.invoke(TestInvoker.java:804)
at org.testng.internal.TestInvoker.invokeTestMethods(TestInvoker.java:145)
at org.testng.internal.TestMethodWorker.invokeTestMethods(TestMethodWorker.java:146)
at org.testng.internal.TestMethodWorker.run(TestMethodWorker.java:128)
at java.base/java.util.ArrayList.forEach(ArrayList.java:1540)
at org.testng.TestRunner.privateRun(TestRunner.java:770)
at org.testng.TestRunner.run(TestRunner.java:591)
at org.testng.SuiteRunner.runTest(SuiteRunner.java:402)
at org.testng.SuiteRunner.runSequentially(SuiteRunner.java:396)
at org.testng.SuiteRunner.privateRun(SuiteRunner.java:355)
at org.testng.SuiteRunner.run(SuiteRunner.java:304)
at org.testng.SuiteRunnerWorker.runSuite(SuiteRunnerWorker.java:53)
at org.testng.SuiteRunnerWorker.run(SuiteRunnerWorker.java:96)
at org.testng.TestNG.runSuitesSequentially(TestNG.java:1180)
at org.testng.TestNG.runSuitesLocally(TestNG.java:1102)
at org.testng.TestNG.runSuites(TestNG.java:1032)
at org.testng.TestNG.run(TestNG.java:1000)
at org.apache.maven.surefire.testng.TestNGExecutor.run(TestNGExecutor.java:283)
at org.apache.maven.surefire.testng.TestNGXmlTestSuite.execute(TestNGXmlTestSuite.java:75)
at org.apache.maven.surefire.testng.TestNGProvider.invoke(TestNGProvider.java:120)
at org.apache.maven.surefire.booter.ForkedBooter.invokeProviderInSameClassLoader(ForkedBooter.java:384)
at org.apache.maven.surefire.booter.ForkedBooter.runSuitesInProcess(ForkedBooter.java:345)
at org.apache.maven.surefire.booter.ForkedBooter.execute(ForkedBooter.java:126)
at org.apache.maven.surefire.booter.ForkedBooter.main(ForkedBooter.java:418)
]]>
            </full-stacktrace>
          </exception> <!-- java.lang.AssertionError -->
          <reporter-output>
          </reporter-output>
        </test-method> <!-- checkIfResponseContainPhrase -->
      </class> <!-- SearchTest -->
      <class name="PaginationTest">
        <test-method signature="setArrayLengthToMaxValue()[pri:1, instance:PaginationTest@60099951]" started-at="2019-12-15T17:58:15 CET" name="setArrayLengthToMaxValue" finished-at="2019-12-15T17:58:16 CET" duration-ms="698" status="PASS">
          <reporter-output>
          </reporter-output>
        </test-method> <!-- setArrayLengthToMaxValue -->
      </class> <!-- PaginationTest -->
      <class name="AutocompleteTest">
        <test-method signature="checkStatusCodeAndSchema()[pri:1, instance:AutocompleteTest@6574a52c]" started-at="2019-12-15T17:58:03 CET" name="checkStatusCodeAndSchema" finished-at="2019-12-15T17:58:03 CET" duration-ms="647" status="PASS">
          <reporter-output>
          </reporter-output>
        </test-method> <!-- checkStatusCodeAndSchema -->
        <test-method signature="checkSize()[pri:2, instance:AutocompleteTest@6574a52c]" started-at="2019-12-15T17:58:03 CET" name="checkSize" finished-at="2019-12-15T17:58:03 CET" depends-on-methods="AutocompleteTest.checkStatusCodeAndSchema" duration-ms="61" status="PASS">
          <reporter-output>
          </reporter-output>
        </test-method> <!-- checkSize -->
        <test-method signature="checkIfNoRepetitions()[pri:3, instance:AutocompleteTest@6574a52c]" started-at="2019-12-15T17:58:03 CET" name="checkIfNoRepetitions" finished-at="2019-12-15T17:58:04 CET" depends-on-methods="AutocompleteTest.checkStatusCodeAndSchema" duration-ms="22" status="PASS">
          <reporter-output>
          </reporter-output>
        </test-method> <!-- checkIfNoRepetitions -->
      </class> <!-- AutocompleteTest -->
      <class name="ItemsPerPageTest">
        <test-method signature="checkSchema()[pri:0, instance:ItemsPerPageTest@1c7696c6]" started-at="2019-12-15T17:58:08 CET" name="checkSchema" finished-at="2019-12-15T17:58:09 CET" duration-ms="865" status="PASS">
          <reporter-output>
          </reporter-output>
        </test-method> <!-- checkSchema -->
        <test-method signature="checkDefaultArrayLength()[pri:1, instance:ItemsPerPageTest@1c7696c6]" started-at="2019-12-15T17:58:09 CET" name="checkDefaultArrayLength" finished-at="2019-12-15T17:58:09 CET" duration-ms="13" status="PASS">
          <reporter-output>
          </reporter-output>
        </test-method> <!-- checkDefaultArrayLength -->
        <test-method signature="setArrayLengthToMaxValue()[pri:2, instance:ItemsPerPageTest@1c7696c6]" started-at="2019-12-15T17:58:09 CET" name="setArrayLengthToMaxValue" finished-at="2019-12-15T17:58:10 CET" duration-ms="932" status="PASS">
          <reporter-output>
          </reporter-output>
        </test-method> <!-- setArrayLengthToMaxValue -->
        <test-method signature="setArrayLengthToNumberHigherThanMaxValue()[pri:3, instance:ItemsPerPageTest@1c7696c6]" started-at="2019-12-15T17:58:10 CET" name="setArrayLengthToNumberHigherThanMaxValue" finished-at="2019-12-15T17:58:10 CET" duration-ms="608" status="PASS">
          <reporter-output>
          </reporter-output>
        </test-method> <!-- setArrayLengthToNumberHigherThanMaxValue -->
        <test-method signature="setArrayLengthToMinValue()[pri:4, instance:ItemsPerPageTest@1c7696c6]" started-at="2019-12-15T17:58:10 CET" name="setArrayLengthToMinValue" finished-at="2019-12-15T17:58:10 CET" duration-ms="309" status="PASS">
          <reporter-output>
          </reporter-output>
        </test-method> <!-- setArrayLengthToMinValue -->
        <test-method signature="setArrayLenghtToInvalidValue(java.lang.String)[pri:5, instance:ItemsPerPageTest@1c7696c6]" started-at="2019-12-15T17:58:10 CET" name="setArrayLenghtToInvalidValue" data-provider="invalidPerPage" finished-at="2019-12-15T17:58:11 CET" duration-ms="678" status="PASS">
          <params>
            <param index="0">
              <value>
                <![CDATA[null]]>
              </value>
            </param>
          </params>
          <reporter-output>
          </reporter-output>
        </test-method> <!-- setArrayLenghtToInvalidValue -->
        <test-method signature="setArrayLenghtToInvalidValue(java.lang.String)[pri:5, instance:ItemsPerPageTest@1c7696c6]" started-at="2019-12-15T17:58:11 CET" name="setArrayLenghtToInvalidValue" data-provider="invalidPerPage" finished-at="2019-12-15T17:58:12 CET" duration-ms="718" status="PASS">
          <params>
            <param index="0">
              <value>
                <![CDATA[ABCD]]>
              </value>
            </param>
          </params>
          <reporter-output>
          </reporter-output>
        </test-method> <!-- setArrayLenghtToInvalidValue -->
        <test-method signature="setArrayLenghtToInvalidValue(java.lang.String)[pri:5, instance:ItemsPerPageTest@1c7696c6]" started-at="2019-12-15T17:58:12 CET" name="setArrayLenghtToInvalidValue" data-provider="invalidPerPage" finished-at="2019-12-15T17:58:13 CET" duration-ms="739" status="PASS">
          <params>
            <param index="0">
              <value>
                <![CDATA[aBcDeF]]>
              </value>
            </param>
          </params>
          <reporter-output>
          </reporter-output>
        </test-method> <!-- setArrayLenghtToInvalidValue -->
        <test-method signature="setArrayLenghtToInvalidValue(java.lang.String)[pri:5, instance:ItemsPerPageTest@1c7696c6]" started-at="2019-12-15T17:58:13 CET" name="setArrayLenghtToInvalidValue" data-provider="invalidPerPage" finished-at="2019-12-15T17:58:13 CET" duration-ms="722" status="PASS">
          <params>
            <param index="0">
              <value>
                <![CDATA[!@#$]]>
              </value>
            </param>
          </params>
          <reporter-output>
          </reporter-output>
        </test-method> <!-- setArrayLenghtToInvalidValue -->
        <test-method signature="setArrayLenghtToInvalidValue(java.lang.String)[pri:5, instance:ItemsPerPageTest@1c7696c6]" started-at="2019-12-15T17:58:13 CET" name="setArrayLenghtToInvalidValue" data-provider="invalidPerPage" finished-at="2019-12-15T17:58:14 CET" duration-ms="422" status="PASS">
          <params>
            <param index="0">
              <value>
                <![CDATA[ ]]>
              </value>
            </param>
          </params>
          <reporter-output>
          </reporter-output>
        </test-method> <!-- setArrayLenghtToInvalidValue -->
        <test-method signature="setArrayLenghtToInvalidValue(java.lang.String)[pri:5, instance:ItemsPerPageTest@1c7696c6]" started-at="2019-12-15T17:58:14 CET" name="setArrayLenghtToInvalidValue" data-provider="invalidPerPage" finished-at="2019-12-15T17:58:15 CET" duration-ms="812" status="PASS">
          <params>
            <param index="0">
              <value>
                <![CDATA[?40*]]>
              </value>
            </param>
          </params>
          <reporter-output>
          </reporter-output>
        </test-method> <!-- setArrayLenghtToInvalidValue -->
        <test-method signature="setArrayLenghtToInvalidValue(java.lang.String)[pri:5, instance:ItemsPerPageTest@1c7696c6]" started-at="2019-12-15T17:58:15 CET" name="setArrayLenghtToInvalidValue" data-provider="invalidPerPage" finished-at="2019-12-15T17:58:15 CET" duration-ms="728" status="PASS">
          <params>
            <param index="0">
              <value>
                <![CDATA[k5;P^]]>
              </value>
            </param>
          </params>
          <reporter-output>
          </reporter-output>
        </test-method> <!-- setArrayLenghtToInvalidValue -->
      </class> <!-- ItemsPerPageTest -->
      <class name="SpecificBreweryTest">
        <test-method is-config="true" signature="getIdRange()[pri:0, instance:SpecificBreweryTest@1e6a3214]" started-at="2019-12-15T17:58:21 CET" name="getIdRange" finished-at="2019-12-15T17:58:22 CET" duration-ms="855" status="PASS">
          <reporter-output>
          </reporter-output>
        </test-method> <!-- getIdRange -->
        <test-method signature="breweryWithMinId()[pri:1, instance:SpecificBreweryTest@1e6a3214]" started-at="2019-12-15T17:58:22 CET" name="breweryWithMinId" finished-at="2019-12-15T17:58:23 CET" duration-ms="314" status="PASS">
          <reporter-output>
          </reporter-output>
        </test-method> <!-- breweryWithMinId -->
        <test-method signature="breweryWithMaxId()[pri:2, instance:SpecificBreweryTest@1e6a3214]" started-at="2019-12-15T17:58:23 CET" name="breweryWithMaxId" finished-at="2019-12-15T17:58:23 CET" duration-ms="325" status="PASS">
          <reporter-output>
          </reporter-output>
        </test-method> <!-- breweryWithMaxId -->
        <test-method signature="breweryWithInvalidId(java.lang.String)[pri:3, instance:SpecificBreweryTest@1e6a3214]" started-at="2019-12-15T17:58:23 CET" name="breweryWithInvalidId" data-provider="invalidIds" finished-at="2019-12-15T17:58:23 CET" duration-ms="297" status="PASS">
          <params>
            <param index="0">
              <value>
                <![CDATA[8030]]>
              </value>
            </param>
          </params>
          <reporter-output>
          </reporter-output>
        </test-method> <!-- breweryWithInvalidId -->
        <test-method signature="breweryWithInvalidId(java.lang.String)[pri:3, instance:SpecificBreweryTest@1e6a3214]" started-at="2019-12-15T17:58:23 CET" name="breweryWithInvalidId" data-provider="invalidIds" finished-at="2019-12-15T17:58:24 CET" duration-ms="627" status="PASS">
          <params>
            <param index="0">
              <value>
                <![CDATA[0]]>
              </value>
            </param>
          </params>
          <reporter-output>
          </reporter-output>
        </test-method> <!-- breweryWithInvalidId -->
        <test-method signature="breweryWithInvalidId(java.lang.String)[pri:3, instance:SpecificBreweryTest@1e6a3214]" started-at="2019-12-15T17:58:24 CET" name="breweryWithInvalidId" data-provider="invalidIds" finished-at="2019-12-15T17:58:24 CET" duration-ms="299" status="PASS">
          <params>
            <param index="0">
              <value>
                <![CDATA[-1]]>
              </value>
            </param>
          </params>
          <reporter-output>
          </reporter-output>
        </test-method> <!-- breweryWithInvalidId -->
        <test-method signature="breweryWithInvalidId(java.lang.String)[pri:3, instance:SpecificBreweryTest@1e6a3214]" started-at="2019-12-15T17:58:24 CET" name="breweryWithInvalidId" data-provider="invalidIds" finished-at="2019-12-15T17:58:24 CET" duration-ms="306" status="PASS">
          <params>
            <param index="0">
              <value>
                <![CDATA[0]]>
              </value>
            </param>
          </params>
          <reporter-output>
          </reporter-output>
        </test-method> <!-- breweryWithInvalidId -->
        <test-method signature="breweryWithInvalidId(java.lang.String)[pri:3, instance:SpecificBreweryTest@1e6a3214]" started-at="2019-12-15T17:58:24 CET" name="breweryWithInvalidId" data-provider="invalidIds" finished-at="2019-12-15T17:58:25 CET" duration-ms="380" status="PASS">
          <params>
            <param index="0">
              <value>
                <![CDATA[-2147483648]]>
              </value>
            </param>
          </params>
          <reporter-output>
          </reporter-output>
        </test-method> <!-- breweryWithInvalidId -->
        <test-method signature="breweryWithInvalidId(java.lang.String)[pri:3, instance:SpecificBreweryTest@1e6a3214]" started-at="2019-12-15T17:58:25 CET" name="breweryWithInvalidId" data-provider="invalidIds" finished-at="2019-12-15T17:58:25 CET" duration-ms="287" status="PASS">
          <params>
            <param index="0">
              <value>
                <![CDATA[-9223372036854775808]]>
              </value>
            </param>
          </params>
          <reporter-output>
          </reporter-output>
        </test-method> <!-- breweryWithInvalidId -->
      </class> <!-- SpecificBreweryTest -->
    </test> <!-- MainTest -->
  </suite> <!-- SuiteNum1 -->
</testng-results>
